[2015.10.30-21.35.12:109][  0]Log file open, 10/30/15 22:35:12
[2015.10.30-21.35.12:109][  0]LogInit:Display: Running engine for game: MagiCombatArena
[2015.10.30-21.35.12:109][  0]LogInit:Display: RandInit(2086002652) SRandInit(2086002656).
[2015.10.30-21.35.12:109][  0]LogTaskGraph: Started task graph with 4 named threads and 7 total threads.
[2015.10.30-21.35.12:109][  0]LogStats: Stats thread started
[2015.10.30-21.35.12:109][  0]LogInit: Version: 4.8.1-0+++depot+UE4-Releases+4.8
[2015.10.30-21.35.12:109][  0]LogInit: API Version: 0
[2015.10.30-21.35.12:109][  0]LogInit: Compiled (64-bit): Jul  2 2015 18:24:44
[2015.10.30-21.35.12:109][  0]LogInit: Compiled with Clang: 3.5.0 (tags/RELEASE_350/final)
[2015.10.30-21.35.12:109][  0]LogInit: Build Configuration: Development
[2015.10.30-21.35.12:109][  0]LogInit: Branch Name: ++depot+UE4-Releases+4.8
[2015.10.30-21.35.12:109][  0]LogInit: Command line: 
[2015.10.30-21.35.12:109][  0]LogInit: Base directory: /home/pawel/UnrealEngine/Engine/Binaries/Linux/
[2015.10.30-21.35.12:109][  0]LogInit: Rocket: 0
[2015.10.30-21.35.12:114][  0]LogInit: Using libcurl 7.38.0
[2015.10.30-21.35.12:114][  0]LogInit:  - built for x86_64-unknown-linux-gnu
[2015.10.30-21.35.12:114][  0]LogInit:  - supports SSL with OpenSSL/1.0.1i
[2015.10.30-21.35.12:114][  0]LogInit:  - supports HTTP deflate (compression) using libz 1.2.5
[2015.10.30-21.35.12:114][  0]LogInit:  - other features:
[2015.10.30-21.35.12:114][  0]LogInit:      CURL_VERSION_SSL
[2015.10.30-21.35.12:114][  0]LogInit:      CURL_VERSION_LIBZ
[2015.10.30-21.35.12:114][  0]LogInit:      CURL_VERSION_IPV6
[2015.10.30-21.35.12:114][  0]LogInit:      CURL_VERSION_ASYNCHDNS
[2015.10.30-21.35.12:114][  0]LogInit:      CURL_VERSION_LARGEFILE
[2015.10.30-21.35.12:114][  0]LogInit:      CURL_VERSION_TLSAUTH_SRP
[2015.10.30-21.35.12:114][  0]LogInit:  Libcurl: checking if '/etc/pki/tls/certs/ca-bundle.crt' exists
[2015.10.30-21.35.12:114][  0]LogInit:  Libcurl: checking if '/etc/ssl/certs/ca-certificates.crt' exists
[2015.10.30-21.35.12:114][  0]LogInit:  CurlRequestOptions (configurable via config and command line):
[2015.10.30-21.35.12:114][  0]LogInit:  - bVerifyPeer = true  - Libcurl will verify peer certificate
[2015.10.30-21.35.12:114][  0]LogInit:  - bUseHttpProxy = false  - Libcurl will NOT use HTTP proxy
[2015.10.30-21.35.12:114][  0]LogInit:  - bDontReuseConnections = false  - Libcurl will reuse connections
[2015.10.30-21.35.12:114][  0]LogInit:  - CertBundlePath = /etc/ssl/certs/ca-certificates.crt  - Libcurl will set CURLOPT_CAINFO to it
[2015.10.30-21.35.12:118][  0]LogOnline:Warning: No default platform service specified for OnlineSubsystem
[2015.10.30-21.35.12:200][  0]LogInit: Presizing for 0 objects not considered by GC, pre-allocating 0 bytes.
[2015.10.30-21.35.12:205][  0]LogInit: Object subsystem initialized
[2015.10.30-21.35.12:206][  0]LogConsoleResponse:Warning: Skipping Unknown console variable: 'TranslucentSortAxis = (X=0.000000,Y=-1.000000,Z=0.000000)'
[2015.10.30-21.35.12:206][  0]LogConsoleResponse:Warning:   Found in ini file '/home/pawel/Dokumenty/Unreal Projects/MagiCombatArena/Saved/Config/Linux/Engine.ini', in section '[/Script/Engine.RendererSettings]'
[2015.10.30-21.35.12:206][  0]LogConsoleResponse:Warning: Skipping Unknown console variable: 'UIScaleRule = ShortestSide'
[2015.10.30-21.35.12:206][  0]LogConsoleResponse:Warning:   Found in ini file '/home/pawel/Dokumenty/Unreal Projects/MagiCombatArena/Saved/Config/Linux/Engine.ini', in section '[/Script/Engine.RendererSettings]'
[2015.10.30-21.35.12:206][  0]LogConsoleResponse:Warning: Skipping Unknown console variable: 'UIScaleCurve = (EditorCurveData=(Keys=),ExternalCurve=None)'
[2015.10.30-21.35.12:206][  0]LogConsoleResponse:Warning:   Found in ini file '/home/pawel/Dokumenty/Unreal Projects/MagiCombatArena/Saved/Config/Linux/Engine.ini', in section '[/Script/Engine.RendererSettings]'
[2015.10.30-21.35.12:206][  0]LogInit: Selected Device Profile: [Linux]
[2015.10.30-21.35.12:206][  0]LogInit: Applying CVar settings loaded from the selected device profile: [Linux]
[2015.10.30-21.35.12:213][  0]LogInit: Linux hardware info:
[2015.10.30-21.35.12:213][  0]LogInit:  - this process' id (pid) is 27518, parent process' id (ppid) is 1272
[2015.10.30-21.35.12:213][  0]LogInit:  - we are not running under debugger
[2015.10.30-21.35.12:213][  0]LogInit:  - machine network name is 'pawel-MS-7816'
[2015.10.30-21.35.12:213][  0]LogInit:  - we're logged in locally
[2015.10.30-21.35.12:213][  0]LogInit:  - Number of physical cores available for the process: 4
[2015.10.30-21.35.12:213][  0]LogInit:  - Number of logical cores available for the process: 4
[2015.10.30-21.35.12:213][  0]LogInit:  - Memory allocator used: binned
[2015.10.30-21.35.12:213][  0]LogInit: Linux-specific commandline switches:
[2015.10.30-21.35.12:213][  0]LogInit:  -nodwarf (currently OFF): suppress parsing of DWARF debug info (callstacks will be generated faster, but won't have line numbers)
[2015.10.30-21.35.12:213][  0]LogInit:  -ansimalloc - use malloc()/free() from libc (useful for tools like valgrind and electric fence)
[2015.10.30-21.35.12:213][  0]LogInit:  -jemalloc - use jemalloc for all memory allocation
[2015.10.30-21.35.12:213][  0]LogInit:  -binnedmalloc - use binned malloc  for all memory allocation
[2015.10.30-21.35.12:213][  0]LogInit:  -httpproxy=ADDRESS:PORT - redirects HTTP requests to a proxy (only supported if compiled with libcurl)
[2015.10.30-21.35.12:213][  0]LogInit:  -reuseconn - allow libcurl to reuse HTTP connections (only matters if compiled with libcurl)
[2015.10.30-21.35.12:213][  0]LogInit:  -virtmemkb=NUMBER - sets process virtual memory (address space) limit (overrides VirtualMemoryLimitInKB value from .ini)
[2015.10.30-21.35.12:213][  0]LogInit: Setting LC_NUMERIC to en_US
[2015.10.30-21.35.12:213][  0]LogInit: Initializing SDL.
[2015.10.30-21.35.12:560][  0]LogInit: Display metrics:
[2015.10.30-21.35.12:560][  0]LogInit:   PrimaryDisplayWidth: 1920
[2015.10.30-21.35.12:560][  0]LogInit:   PrimaryDisplayHeight: 1080
[2015.10.30-21.35.12:560][  0]LogInit:   PrimaryDisplayWorkAreaRect:
[2015.10.30-21.35.12:560][  0]LogInit:     Left=65, Top=24, Right=1920, Bottom=1080
[2015.10.30-21.35.12:560][  0]LogInit:   VirtualDisplayRect:
[2015.10.30-21.35.12:560][  0]LogInit:     Left=65, Top=24, Right=3840, Bottom=1186
[2015.10.30-21.35.12:560][  0]LogInit:   TitleSafePaddingSize: X=0.000 Y=0.000
[2015.10.30-21.35.12:560][  0]LogInit:   ActionSafePaddingSize: X=0.000 Y=0.000
[2015.10.30-21.35.12:560][  0]LogInit:   Number of monitors: 2
[2015.10.30-21.35.12:560][  0]LogInit:     Monitor 0
[2015.10.30-21.35.12:560][  0]LogInit:       Name: Philips 247E4 24"
[2015.10.30-21.35.12:560][  0]LogInit:       ID: display0
[2015.10.30-21.35.12:560][  0]LogInit:       NativeWidth: 1920
[2015.10.30-21.35.12:560][  0]LogInit:       NativeHeight: 1080
[2015.10.30-21.35.12:560][  0]LogInit:       bIsPrimary: true
[2015.10.30-21.35.12:560][  0]LogInit:     Monitor 1
[2015.10.30-21.35.12:560][  0]LogInit:       Name: 231TE4L 23"
[2015.10.30-21.35.12:560][  0]LogInit:       ID: display1
[2015.10.30-21.35.12:560][  0]LogInit:       NativeWidth: 1920
[2015.10.30-21.35.12:560][  0]LogInit:       NativeHeight: 1080
[2015.10.30-21.35.12:560][  0]LogInit:       bIsPrimary: false
[2015.10.30-21.35.12:560][  0]LogInit:  - Physical RAM available (not considering process quota): 16 GB (15977 MB, 16360736 KB, 16753393664 bytes)
[2015.10.30-21.35.12:564][  0]LogTextLocalizationManager: The requested culture ('pl_PL') has no localization data; falling back to 'en' for localization and internationalization data.
[2015.10.30-21.35.12:672][  0]LogTextLocalizationManager:Warning: Loaded localization resources contain conflicting entries for (Namespace:ContentBrowser, Key:ImportAssetToolTip):
Localization Resource: (/home/pawel/UnrealEngine/Engine/Content/Localization/Editor/en/Editor.locres) Source String Hash: (-630476809) Localized String: (Import to {0}...)
Localization Resource: (/home/pawel/UnrealEngine/Engine/Content/Localization/Editor/en/Editor.locres) Source String Hash: (1271782899) Localized String: (Imports an asset from file to this folder.)
[2015.10.30-21.35.12:912][  0]LogRHI:Warning: disabling reporting back of debug groups and markers to the OpenGL debug output callback
[2015.10.30-21.35.13:039][  0]LogRHI:Warning: disabling reporting back of debug groups and markers to the OpenGL debug output callback
[2015.10.30-21.35.13:039][  0]LogRHI: Initializing OpenGL RHI
[2015.10.30-21.35.13:039][  0]LogRHI:   GL_VENDOR: NVIDIA Corporation
[2015.10.30-21.35.13:039][  0]LogRHI:   GL_RENDERER: GeForce GTX 760/PCIe/SSE2
[2015.10.30-21.35.13:039][  0]LogRHI:   GL_VERSION: 3.2.0 NVIDIA 304.128
[2015.10.30-21.35.13:039][  0]LogRHI:   GL_SHADING_LANGUAGE_VERSION: 1.50 NVIDIA via Cg compiler
[2015.10.30-21.35.13:039][  0]LogRHI: OpenGL Extensions:
[2015.10.30-21.35.13:039][  0]LogRHI:   GL_AMD_multi_draw_indirect
[2015.10.30-21.35.13:039][  0]LogRHI:   GL_AMD_seamless_cubemap_per_texture
[2015.10.30-21.35.13:039][  0]LogRHI:   GL_ARB_base_instance
[2015.10.30-21.35.13:039][  0]LogRHI:   GL_ARB_blend_func_extended
[2015.10.30-21.35.13:039][  0]LogRHI:   GL_ARB_color_buffer_float
[2015.10.30-21.35.13:039][  0]LogRHI:   GL_ARB_compressed_texture_pixel_storage
[2015.10.30-21.35.13:039][  0]LogRHI:   GL_ARB_conservative_depth
[2015.10.30-21.35.13:039][  0]LogRHI:   GL_ARB_copy_buffer
[2015.10.30-21.35.13:039][  0]LogRHI:   GL_ARB_depth_buffer_float
[2015.10.30-21.35.13:039][  0]LogRHI:   GL_ARB_depth_clamp
[2015.10.30-21.35.13:039][  0]LogRHI:   GL_ARB_depth_texture
[2015.10.30-21.35.13:039][  0]LogRHI:   GL_ARB_draw_buffers
[2015.10.30-21.35.13:039][  0]LogRHI:   GL_ARB_draw_buffers_blend
[2015.10.30-21.35.13:039][  0]LogRHI:   GL_ARB_draw_indirect
[2015.10.30-21.35.13:039][  0]LogRHI:   GL_ARB_draw_elements_base_vertex
[2015.10.30-21.35.13:039][  0]LogRHI:   GL_ARB_draw_instanced
[2015.10.30-21.35.13:039][  0]LogRHI:   GL_ARB_ES2_compatibility
[2015.10.30-21.35.13:039][  0]LogRHI:   GL_ARB_explicit_attrib_location
[2015.10.30-21.35.13:039][  0]LogRHI:   GL_ARB_fragment_coord_conventions
[2015.10.30-21.35.13:039][  0]LogRHI:   GL_ARB_fragment_program
[2015.10.30-21.35.13:039][  0]LogRHI:   GL_ARB_fragment_program_shadow
[2015.10.30-21.35.13:039][  0]LogRHI:   GL_ARB_fragment_shader
[2015.10.30-21.35.13:039][  0]LogRHI:   GL_ARB_framebuffer_object
[2015.10.30-21.35.13:039][  0]LogRHI:   GL_ARB_framebuffer_sRGB
[2015.10.30-21.35.13:039][  0]LogRHI:   GL_ARB_geometry_shader4
[2015.10.30-21.35.13:039][  0]LogRHI:   GL_ARB_get_program_binary
[2015.10.30-21.35.13:039][  0]LogRHI:   GL_ARB_gpu_shader5
[2015.10.30-21.35.13:039][  0]LogRHI:   GL_ARB_gpu_shader_fp64
[2015.10.30-21.35.13:039][  0]LogRHI:   GL_ARB_half_float_pixel
[2015.10.30-21.35.13:039][  0]LogRHI:   GL_ARB_half_float_vertex
[2015.10.30-21.35.13:039][  0]LogRHI:   GL_ARB_imaging
[2015.10.30-21.35.13:039][  0]LogRHI:   GL_ARB_instanced_arrays
[2015.10.30-21.35.13:039][  0]LogRHI:   GL_ARB_internalformat_query
[2015.10.30-21.35.13:039][  0]LogRHI:   GL_ARB_map_buffer_alignment
[2015.10.30-21.35.13:040][  0]LogRHI:   GL_ARB_map_buffer_range
[2015.10.30-21.35.13:040][  0]LogRHI:   GL_ARB_multisample
[2015.10.30-21.35.13:040][  0]LogRHI:   GL_ARB_multitexture
[2015.10.30-21.35.13:040][  0]LogRHI:   GL_ARB_occlusion_query
[2015.10.30-21.35.13:040][  0]LogRHI:   GL_ARB_occlusion_query2
[2015.10.30-21.35.13:040][  0]LogRHI:   GL_ARB_pixel_buffer_object
[2015.10.30-21.35.13:040][  0]LogRHI:   GL_ARB_point_parameters
[2015.10.30-21.35.13:040][  0]LogRHI:   GL_ARB_point_sprite
[2015.10.30-21.35.13:040][  0]LogRHI:   GL_ARB_provoking_vertex
[2015.10.30-21.35.13:040][  0]LogRHI:   GL_ARB_robustness
[2015.10.30-21.35.13:040][  0]LogRHI:   GL_ARB_sample_shading
[2015.10.30-21.35.13:040][  0]LogRHI:   GL_ARB_sampler_objects
[2015.10.30-21.35.13:040][  0]LogRHI:   GL_ARB_seamless_cube_map
[2015.10.30-21.35.13:040][  0]LogRHI:   GL_ARB_separate_shader_objects
[2015.10.30-21.35.13:040][  0]LogRHI:   GL_ARB_shader_atomic_counters
[2015.10.30-21.35.13:040][  0]LogRHI:   GL_ARB_shader_bit_encoding
[2015.10.30-21.35.13:040][  0]LogRHI:   GL_ARB_shader_image_load_store
[2015.10.30-21.35.13:040][  0]LogRHI:   GL_ARB_shader_objects
[2015.10.30-21.35.13:040][  0]LogRHI:   GL_ARB_shader_precision
[2015.10.30-21.35.13:040][  0]LogRHI:   GL_ARB_shader_subroutine
[2015.10.30-21.35.13:040][  0]LogRHI:   GL_ARB_shader_texture_lod
[2015.10.30-21.35.13:040][  0]LogRHI:   GL_ARB_shading_language_100
[2015.10.30-21.35.13:040][  0]LogRHI:   GL_ARB_shading_language_420pack
[2015.10.30-21.35.13:040][  0]LogRHI:   GL_ARB_shading_language_include
[2015.10.30-21.35.13:040][  0]LogRHI:   GL_ARB_shading_language_packing
[2015.10.30-21.35.13:040][  0]LogRHI:   GL_ARB_shadow
[2015.10.30-21.35.13:040][  0]LogRHI:   GL_ARB_sync
[2015.10.30-21.35.13:040][  0]LogRHI:   GL_ARB_tessellation_shader
[2015.10.30-21.35.13:040][  0]LogRHI:   GL_ARB_texture_border_clamp
[2015.10.30-21.35.13:040][  0]LogRHI:   GL_ARB_texture_buffer_object
[2015.10.30-21.35.13:042][  0]LogRHI:   GL_ARB_texture_buffer_object_rgb32
[2015.10.30-21.35.13:042][  0]LogRHI:   GL_ARB_texture_compression
[2015.10.30-21.35.13:042][  0]LogRHI:   GL_ARB_texture_compression_bptc
[2015.10.30-21.35.13:042][  0]LogRHI:   GL_ARB_texture_compression_rgtc
[2015.10.30-21.35.13:042][  0]LogRHI:   GL_ARB_texture_cube_map
[2015.10.30-21.35.13:042][  0]LogRHI:   GL_ARB_texture_cube_map_array
[2015.10.30-21.35.13:042][  0]LogRHI:   GL_ARB_texture_env_add
[2015.10.30-21.35.13:042][  0]LogRHI:   GL_ARB_texture_env_combine
[2015.10.30-21.35.13:042][  0]LogRHI:   GL_ARB_texture_env_crossbar
[2015.10.30-21.35.13:042][  0]LogRHI:   GL_ARB_texture_env_dot3
[2015.10.30-21.35.13:042][  0]LogRHI:   GL_ARB_texture_float
[2015.10.30-21.35.13:042][  0]LogRHI:   GL_ARB_texture_gather
[2015.10.30-21.35.13:042][  0]LogRHI:   GL_ARB_texture_mirrored_repeat
[2015.10.30-21.35.13:042][  0]LogRHI:   GL_ARB_texture_multisample
[2015.10.30-21.35.13:042][  0]LogRHI:   GL_ARB_texture_non_power_of_two
[2015.10.30-21.35.13:042][  0]LogRHI:   GL_ARB_texture_query_lod
[2015.10.30-21.35.13:042][  0]LogRHI:   GL_ARB_texture_rectangle
[2015.10.30-21.35.13:042][  0]LogRHI:   GL_ARB_texture_rg
[2015.10.30-21.35.13:042][  0]LogRHI:   GL_ARB_texture_rgb10_a2ui
[2015.10.30-21.35.13:042][  0]LogRHI:   GL_ARB_texture_storage
[2015.10.30-21.35.13:042][  0]LogRHI:   GL_ARB_texture_swizzle
[2015.10.30-21.35.13:042][  0]LogRHI:   GL_ARB_timer_query
[2015.10.30-21.35.13:043][  0]LogRHI:   GL_ARB_transform_feedback2
[2015.10.30-21.35.13:043][  0]LogRHI:   GL_ARB_transform_feedback3
[2015.10.30-21.35.13:043][  0]LogRHI:   GL_ARB_transform_feedback_instanced
[2015.10.30-21.35.13:043][  0]LogRHI:   GL_ARB_transpose_matrix
[2015.10.30-21.35.13:043][  0]LogRHI:   GL_ARB_uniform_buffer_object
[2015.10.30-21.35.13:043][  0]LogRHI:   GL_ARB_vertex_array_bgra
[2015.10.30-21.35.13:043][  0]LogRHI:   GL_ARB_vertex_array_object
[2015.10.30-21.35.13:043][  0]LogRHI:   GL_ARB_vertex_attrib_64bit
[2015.10.30-21.35.13:043][  0]LogRHI:   GL_ARB_vertex_buffer_object
[2015.10.30-21.35.13:043][  0]LogRHI:   GL_ARB_vertex_program
[2015.10.30-21.35.13:043][  0]LogRHI:   GL_ARB_vertex_shader
[2015.10.30-21.35.13:043][  0]LogRHI:   GL_ARB_vertex_type_2_10_10_10_rev
[2015.10.30-21.35.13:043][  0]LogRHI:   GL_ARB_viewport_array
[2015.10.30-21.35.13:043][  0]LogRHI:   GL_ARB_window_pos
[2015.10.30-21.35.13:043][  0]LogRHI:   GL_ATI_draw_buffers
[2015.10.30-21.35.13:043][  0]LogRHI:   GL_ATI_texture_float
[2015.10.30-21.35.13:043][  0]LogRHI:   GL_ATI_texture_mirror_once
[2015.10.30-21.35.13:043][  0]LogRHI:   GL_S3_s3tc
[2015.10.30-21.35.13:043][  0]LogRHI:   GL_EXT_texture_env_add
[2015.10.30-21.35.13:043][  0]LogRHI:   GL_EXT_abgr
[2015.10.30-21.35.13:043][  0]LogRHI:   GL_EXT_bgra
[2015.10.30-21.35.13:043][  0]LogRHI:   GL_EXT_bindable_uniform
[2015.10.30-21.35.13:043][  0]LogRHI:   GL_EXT_blend_color
[2015.10.30-21.35.13:043][  0]LogRHI:   GL_EXT_blend_equation_separate
[2015.10.30-21.35.13:043][  0]LogRHI:   GL_EXT_blend_func_separate
[2015.10.30-21.35.13:043][  0]LogRHI:   GL_EXT_blend_minmax
[2015.10.30-21.35.13:043][  0]LogRHI:   GL_EXT_blend_subtract
[2015.10.30-21.35.13:043][  0]LogRHI:   GL_EXT_compiled_vertex_array
[2015.10.30-21.35.13:043][  0]LogRHI:   GL_EXT_Cg_shader
[2015.10.30-21.35.13:043][  0]LogRHI:   GL_EXT_depth_bounds_test
[2015.10.30-21.35.13:043][  0]LogRHI:   GL_EXT_direct_state_access
[2015.10.30-21.35.13:043][  0]LogRHI:   GL_EXT_draw_buffers2
[2015.10.30-21.35.13:043][  0]LogRHI:   GL_EXT_draw_instanced
[2015.10.30-21.35.13:043][  0]LogRHI:   GL_EXT_draw_range_elements
[2015.10.30-21.35.13:043][  0]LogRHI:   GL_EXT_fog_coord
[2015.10.30-21.35.13:043][  0]LogRHI:   GL_EXT_framebuffer_blit
[2015.10.30-21.35.13:043][  0]LogRHI:   GL_EXT_framebuffer_multisample
[2015.10.30-21.35.13:043][  0]LogRHI:   GL_EXTX_framebuffer_mixed_formats
[2015.10.30-21.35.13:043][  0]LogRHI:   GL_EXT_framebuffer_object
[2015.10.30-21.35.13:043][  0]LogRHI:   GL_EXT_framebuffer_sRGB
[2015.10.30-21.35.13:043][  0]LogRHI:   GL_EXT_geometry_shader4
[2015.10.30-21.35.13:043][  0]LogRHI:   GL_EXT_gpu_program_parameters
[2015.10.30-21.35.13:043][  0]LogRHI:   GL_EXT_gpu_shader4
[2015.10.30-21.35.13:043][  0]LogRHI:   GL_EXT_multi_draw_arrays
[2015.10.30-21.35.13:043][  0]LogRHI:   GL_EXT_packed_depth_stencil
[2015.10.30-21.35.13:043][  0]LogRHI:   GL_EXT_packed_float
[2015.10.30-21.35.13:043][  0]LogRHI:   GL_EXT_packed_pixels
[2015.10.30-21.35.13:043][  0]LogRHI:   GL_EXT_pixel_buffer_object
[2015.10.30-21.35.13:043][  0]LogRHI:   GL_EXT_point_parameters
[2015.10.30-21.35.13:043][  0]LogRHI:   GL_EXT_provoking_vertex
[2015.10.30-21.35.13:043][  0]LogRHI:   GL_EXT_rescale_normal
[2015.10.30-21.35.13:043][  0]LogRHI:   GL_EXT_secondary_color
[2015.10.30-21.35.13:043][  0]LogRHI:   GL_EXT_separate_shader_objects
[2015.10.30-21.35.13:043][  0]LogRHI:   GL_EXT_separate_specular_color
[2015.10.30-21.35.13:043][  0]LogRHI:   GL_EXT_shader_image_load_store
[2015.10.30-21.35.13:043][  0]LogRHI:   GL_EXT_shadow_funcs
[2015.10.30-21.35.13:043][  0]LogRHI:   GL_EXT_stencil_two_side
[2015.10.30-21.35.13:043][  0]LogRHI:   GL_EXT_stencil_wrap
[2015.10.30-21.35.13:043][  0]LogRHI:   GL_EXT_texture3D
[2015.10.30-21.35.13:043][  0]LogRHI:   GL_EXT_texture_array
[2015.10.30-21.35.13:043][  0]LogRHI:   GL_EXT_texture_buffer_object
[2015.10.30-21.35.13:043][  0]LogRHI:   GL_EXT_texture_compression_dxt1
[2015.10.30-21.35.13:043][  0]LogRHI:   GL_EXT_texture_compression_latc
[2015.10.30-21.35.13:043][  0]LogRHI:   GL_EXT_texture_compression_rgtc
[2015.10.30-21.35.13:043][  0]LogRHI:   GL_EXT_texture_compression_s3tc
[2015.10.30-21.35.13:043][  0]LogRHI:   GL_EXT_texture_cube_map
[2015.10.30-21.35.13:043][  0]LogRHI:   GL_EXT_texture_edge_clamp
[2015.10.30-21.35.13:043][  0]LogRHI:   GL_EXT_texture_env_combine
[2015.10.30-21.35.13:043][  0]LogRHI:   GL_EXT_texture_env_dot3
[2015.10.30-21.35.13:043][  0]LogRHI:   GL_EXT_texture_filter_anisotropic
[2015.10.30-21.35.13:043][  0]LogRHI:   GL_EXT_texture_format_BGRA8888
[2015.10.30-21.35.13:043][  0]LogRHI:   GL_EXT_texture_integer
[2015.10.30-21.35.13:043][  0]LogRHI:   GL_EXT_texture_lod
[2015.10.30-21.35.13:043][  0]LogRHI:   GL_EXT_texture_lod_bias
[2015.10.30-21.35.13:043][  0]LogRHI:   GL_EXT_texture_mirror_clamp
[2015.10.30-21.35.13:043][  0]LogRHI:   GL_EXT_texture_object
[2015.10.30-21.35.13:043][  0]LogRHI:   GL_EXT_texture_shared_exponent
[2015.10.30-21.35.13:043][  0]LogRHI:   GL_EXT_texture_sRGB
[2015.10.30-21.35.13:043][  0]LogRHI:   GL_EXT_texture_sRGB_decode
[2015.10.30-21.35.13:043][  0]LogRHI:   GL_EXT_texture_storage
[2015.10.30-21.35.13:043][  0]LogRHI:   GL_EXT_texture_swizzle
[2015.10.30-21.35.13:043][  0]LogRHI:   GL_EXT_texture_type_2_10_10_10_REV
[2015.10.30-21.35.13:043][  0]LogRHI:   GL_EXT_timer_query
[2015.10.30-21.35.13:043][  0]LogRHI:   GL_EXT_transform_feedback2
[2015.10.30-21.35.13:043][  0]LogRHI:   GL_EXT_vertex_array
[2015.10.30-21.35.13:043][  0]LogRHI:   GL_EXT_vertex_array_bgra
[2015.10.30-21.35.13:043][  0]LogRHI:   GL_EXT_vertex_attrib_64bit
[2015.10.30-21.35.13:043][  0]LogRHI:   GL_EXT_x11_sync_object
[2015.10.30-21.35.13:043][  0]LogRHI:   GL_EXT_import_sync_object
[2015.10.30-21.35.13:043][  0]LogRHI:   GL_IBM_rasterpos_clip
[2015.10.30-21.35.13:043][  0]LogRHI:   GL_IBM_texture_mirrored_repeat
[2015.10.30-21.35.13:043][  0]LogRHI:   GL_KTX_buffer_region
[2015.10.30-21.35.13:043][  0]LogRHI:   GL_NV_alpha_test
[2015.10.30-21.35.13:043][  0]LogRHI:   GL_NV_bindless_texture
[2015.10.30-21.35.13:043][  0]LogRHI:   GL_NV_blend_minmax
[2015.10.30-21.35.13:043][  0]LogRHI:   GL_NV_blend_square
[2015.10.30-21.35.13:043][  0]LogRHI:   GL_NV_complex_primitives
[2015.10.30-21.35.13:043][  0]LogRHI:   GL_NV_conditional_render
[2015.10.30-21.35.13:043][  0]LogRHI:   GL_NV_copy_depth_to_color
[2015.10.30-21.35.13:043][  0]LogRHI:   GL_NV_copy_image
[2015.10.30-21.35.13:043][  0]LogRHI:   GL_NV_depth_buffer_float
[2015.10.30-21.35.13:043][  0]LogRHI:   GL_NV_depth_clamp
[2015.10.30-21.35.13:043][  0]LogRHI:   GL_NV_ES1_1_compatibility
[2015.10.30-21.35.13:043][  0]LogRHI:   GL_NV_explicit_multisample
[2015.10.30-21.35.13:043][  0]LogRHI:   GL_NV_fbo_color_attachments
[2015.10.30-21.35.13:043][  0]LogRHI:   GL_NV_fence
[2015.10.30-21.35.13:043][  0]LogRHI:   GL_NV_float_buffer
[2015.10.30-21.35.13:044][  0]LogRHI:   GL_NV_fog_distance
[2015.10.30-21.35.13:044][  0]LogRHI:   GL_NV_fragdepth
[2015.10.30-21.35.13:044][  0]LogRHI:   GL_NV_fragment_program
[2015.10.30-21.35.13:044][  0]LogRHI:   GL_NV_fragment_program_option
[2015.10.30-21.35.13:044][  0]LogRHI:   GL_NV_fragment_program2
[2015.10.30-21.35.13:044][  0]LogRHI:   GL_NV_framebuffer_multisample_coverage
[2015.10.30-21.35.13:044][  0]LogRHI:   GL_NV_geometry_shader4
[2015.10.30-21.35.13:044][  0]LogRHI:   GL_NV_gpu_program4
[2015.10.30-21.35.13:044][  0]LogRHI:   GL_NV_gpu_program4_1
[2015.10.30-21.35.13:044][  0]LogRHI:   GL_NV_gpu_program5
[2015.10.30-21.35.13:044][  0]LogRHI:   GL_NV_gpu_program_fp64
[2015.10.30-21.35.13:044][  0]LogRHI:   GL_NV_gpu_shader5
[2015.10.30-21.35.13:044][  0]LogRHI:   GL_NV_half_float
[2015.10.30-21.35.13:044][  0]LogRHI:   GL_NV_light_max_exponent
[2015.10.30-21.35.13:044][  0]LogRHI:   GL_NV_multisample_coverage
[2015.10.30-21.35.13:044][  0]LogRHI:   GL_NV_multisample_filter_hint
[2015.10.30-21.35.13:044][  0]LogRHI:   GL_NV_occlusion_query
[2015.10.30-21.35.13:044][  0]LogRHI:   GL_NV_packed_depth_stencil
[2015.10.30-21.35.13:044][  0]LogRHI:   GL_NV_parameter_buffer_object
[2015.10.30-21.35.13:044][  0]LogRHI:   GL_NV_parameter_buffer_object2
[2015.10.30-21.35.13:044][  0]LogRHI:   GL_NV_path_rendering
[2015.10.30-21.35.13:044][  0]LogRHI:   GL_NV_pixel_data_range
[2015.10.30-21.35.13:044][  0]LogRHI:   GL_NV_point_sprite
[2015.10.30-21.35.13:044][  0]LogRHI:   GL_NV_primitive_restart
[2015.10.30-21.35.13:044][  0]LogRHI:   GL_NV_register_combiners
[2015.10.30-21.35.13:044][  0]LogRHI:   GL_NV_register_combiners2
[2015.10.30-21.35.13:044][  0]LogRHI:   GL_NV_shader_atomic_counters
[2015.10.30-21.35.13:044][  0]LogRHI:   GL_NV_shader_atomic_float
[2015.10.30-21.35.13:044][  0]LogRHI:   GL_NV_shader_buffer_load
[2015.10.30-21.35.13:044][  0]LogRHI:   GL_NV_texgen_reflection
[2015.10.30-21.35.13:044][  0]LogRHI:   GL_NV_texture_barrier
[2015.10.30-21.35.13:044][  0]LogRHI:   GL_NV_texture_compression_vtc
[2015.10.30-21.35.13:044][  0]LogRHI:   GL_NV_texture_env_combine4
[2015.10.30-21.35.13:044][  0]LogRHI:   GL_NV_texture_expand_normal
[2015.10.30-21.35.13:044][  0]LogRHI:   GL_NV_texture_lod_clamp
[2015.10.30-21.35.13:044][  0]LogRHI:   GL_NV_texture_multisample
[2015.10.30-21.35.13:044][  0]LogRHI:   GL_NV_texture_rectangle
[2015.10.30-21.35.13:044][  0]LogRHI:   GL_NV_texture_shader
[2015.10.30-21.35.13:044][  0]LogRHI:   GL_NV_texture_shader2
[2015.10.30-21.35.13:044][  0]LogRHI:   GL_NV_texture_shader3
[2015.10.30-21.35.13:044][  0]LogRHI:   GL_NV_transform_feedback
[2015.10.30-21.35.13:044][  0]LogRHI:   GL_NV_transform_feedback2
[2015.10.30-21.35.13:044][  0]LogRHI:   GL_NV_vdpau_interop
[2015.10.30-21.35.13:044][  0]LogRHI:   GL_NV_vertex_array_range
[2015.10.30-21.35.13:044][  0]LogRHI:   GL_NV_vertex_array_range2
[2015.10.30-21.35.13:044][  0]LogRHI:   GL_NV_vertex_attrib_integer_64bit
[2015.10.30-21.35.13:044][  0]LogRHI:   GL_NV_vertex_buffer_unified_memory
[2015.10.30-21.35.13:044][  0]LogRHI:   GL_NV_vertex_program
[2015.10.30-21.35.13:044][  0]LogRHI:   GL_NV_vertex_program1_1
[2015.10.30-21.35.13:044][  0]LogRHI:   GL_NV_vertex_program2
[2015.10.30-21.35.13:044][  0]LogRHI:   GL_NV_vertex_program2_option
[2015.10.30-21.35.13:044][  0]LogRHI:   GL_NV_vertex_program3
[2015.10.30-21.35.13:044][  0]LogRHI:   GL_NVX_conditional_render
[2015.10.30-21.35.13:044][  0]LogRHI:   GL_NVX_gpu_memory_info
[2015.10.30-21.35.13:044][  0]LogRHI:   GL_OES_compressed_paletted_texture
[2015.10.30-21.35.13:044][  0]LogRHI:   GL_OES_depth24
[2015.10.30-21.35.13:044][  0]LogRHI:   GL_OES_depth32
[2015.10.30-21.35.13:044][  0]LogRHI:   GL_OES_depth_texture
[2015.10.30-21.35.13:044][  0]LogRHI:   GL_OES_element_index_uint
[2015.10.30-21.35.13:044][  0]LogRHI:   GL_OES_fbo_render_mipmap
[2015.10.30-21.35.13:044][  0]LogRHI:   GL_OES_get_program_binary
[2015.10.30-21.35.13:044][  0]LogRHI:   GL_OES_mapbuffer
[2015.10.30-21.35.13:044][  0]LogRHI:   GL_OES_packed_depth_stencil
[2015.10.30-21.35.13:044][  0]LogRHI:   GL_OES_point_size_array
[2015.10.30-21.35.13:044][  0]LogRHI:   GL_OES_point_sprite
[2015.10.30-21.35.13:044][  0]LogRHI:   GL_OES_rgb8_rgba8
[2015.10.30-21.35.13:044][  0]LogRHI:   GL_OES_read_format
[2015.10.30-21.35.13:044][  0]LogRHI:   GL_OES_standard_derivatives
[2015.10.30-21.35.13:044][  0]LogRHI:   GL_OES_texture_3D
[2015.10.30-21.35.13:044][  0]LogRHI:   GL_OES_texture_float
[2015.10.30-21.35.13:044][  0]LogRHI:   GL_OES_texture_float_linear
[2015.10.30-21.35.13:044][  0]LogRHI:   GL_OES_texture_half_float
[2015.10.30-21.35.13:044][  0]LogRHI:   GL_OES_texture_half_float_linear
[2015.10.30-21.35.13:044][  0]LogRHI:   GL_OES_texture_npot
[2015.10.30-21.35.13:044][  0]LogRHI:   GL_OES_vertex_array_object
[2015.10.30-21.35.13:044][  0]LogRHI:   GL_OES_vertex_half_float
[2015.10.30-21.35.13:044][  0]LogRHI:   GL_SGIS_generate_mipmap
[2015.10.30-21.35.13:044][  0]LogRHI:   GL_SGIS_texture_lod
[2015.10.30-21.35.13:044][  0]LogRHI:   GL_SGIX_depth_texture
[2015.10.30-21.35.13:044][  0]LogRHI:   GL_SGIX_shadow
[2015.10.30-21.35.13:044][  0]LogRHI:   GL_SUN_slice_accum
[2015.10.30-21.35.13:122][  0]LogRHI:   GL_MAX_TEXTURE_SIZE: 16384
[2015.10.30-21.35.13:122][  0]LogRHI:   GL_MAX_CUBE_MAP_TEXTURE_SIZE: 16384
[2015.10.30-21.35.13:122][  0]LogRHI:   GL_MAX_ARRAY_TEXTURE_LAYERS: 2048
[2015.10.30-21.35.13:122][  0]LogRHI:   GL_MAX_3D_TEXTURE_SIZE: 2048
[2015.10.30-21.35.13:122][  0]LogRHI:   GL_MAX_RENDERBUFFER_SIZE: 16384
[2015.10.30-21.35.13:122][  0]LogRHI:   GL_MAX_TEXTURE_IMAGE_UNITS: 32
[2015.10.30-21.35.13:122][  0]LogRHI:   GL_MAX_DRAW_BUFFERS: 8
[2015.10.30-21.35.13:122][  0]LogRHI:   GL_MAX_COLOR_ATTACHMENTS: 8
[2015.10.30-21.35.13:122][  0]LogRHI:   GL_MAX_SAMPLES: 32
[2015.10.30-21.35.13:122][  0]LogRHI:   GL_MAX_COLOR_TEXTURE_SAMPLES: 32
[2015.10.30-21.35.13:122][  0]LogRHI:   GL_MAX_DEPTH_TEXTURE_SAMPLES: 32
[2015.10.30-21.35.13:122][  0]LogRHI:   GL_MAX_INTEGER_SAMPLES: 1
[2015.10.30-21.35.13:122][  0]LogRHI:   GL_MAX_COMBINED_TEXTURE_IMAGE_UNITS: 160
[2015.10.30-21.35.13:122][  0]LogRHI:   GL_MAX_VERTEX_ATTRIBS: 16
[2015.10.30-21.35.13:122][  0]LogRHI:   GL_MAX_TEXTURE_MAX_ANISOTROPY_EXT: 16
[2015.10.30-21.35.13:122][  0]LogRHI: OpenGL MajorVersion = 3, MinorVersion = 2, ShaderPlatform = GLSL_150, FeatureLevel = SM4
[2015.10.30-21.35.13:124][  0]LogRHI: Texture pool is 1433 MB (70% of 2048 MB)
[2015.10.30-21.35.13:124][  0]LogShaderCompilers:Display: Using Local Shader Compiler.
[2015.10.30-21.35.13:737][  0]LogHAL: FLinuxPlatformProcess::CreateProc: spawned child 27536
[2015.10.30-21.35.14:199][  0]LogHAL: Child 27536 is no more running (zombie), Wait()ing immediately.
[2015.10.30-21.35.14:199][  0]LogTemp:Display: Loaded TP DesktopTargetPlatform
[2015.10.30-21.35.14:622][  0]LogTemp:Display: Loaded TP LinuxTargetPlatform
[2015.10.30-21.35.14:840][  0]LogTemp:Display: Loaded TP LinuxServerTargetPlatform
[2015.10.30-21.35.15:060][  0]LogTemp:Display: Loaded TP LinuxNoEditorTargetPlatform
[2015.10.30-21.35.15:060][  0]LogTargetPlatformManager:Display: Building Assets For Linux
[2015.10.30-21.35.15:461][  0]LogDerivedDataCache:Display: Max Cache Size: 512 MB
[2015.10.30-21.35.15:666][  0]LogDerivedDataCache: Loaded boot cache 0.20s 86MB ../../../../Dokumenty/Unreal Projects/MagiCombatArena/DerivedDataCache/Boot.ddc.
[2015.10.30-21.35.15:666][  0]LogDerivedDataCache:Display: Loaded Boot cache: ../../../../Dokumenty/Unreal Projects/MagiCombatArena/DerivedDataCache/Boot.ddc
[2015.10.30-21.35.15:666][  0]LogDerivedDataCache: FDerivedDataBackendGraph:  Pak pak cache file ../../../../Dokumenty/Unreal Projects/MagiCombatArena/DerivedDataCache/DDC.ddp not found, will not use a pak cache.
[2015.10.30-21.35.15:666][  0]LogDerivedDataCache: Unable to find inner node Pak for hierarchical cache Hierarchy.
[2015.10.30-21.35.15:667][  0]LogDerivedDataCache: FDerivedDataBackendGraph:  EnginePak pak cache file ../../../Engine/DerivedDataCache/DDC.ddp not found, will not use a pak cache.
[2015.10.30-21.35.15:667][  0]LogDerivedDataCache: Unable to find inner node EnginePak for hierarchical cache Hierarchy.
[2015.10.30-21.35.15:667][  0]LogDerivedDataCache: Using Local data cache path ../../../Engine/DerivedDataCache: Writable
[2015.10.30-21.35.15:667][  0]LogDerivedDataCache: Shared data cache path not found in *engine.ini, will not use an Shared cache.
[2015.10.30-21.35.15:667][  0]LogDerivedDataCache: Unable to find inner node Shared for hierarchical cache Hierarchy.
[2015.10.30-21.35.15:768][  0]LogHAL: Linux SourceCodeAccessSettings: NullSourceCodeAccessor
[2015.10.30-21.35.15:775][  0]LogInit: Selected Device Profile: [Linux]
[2015.10.30-21.35.16:100][  0]LogMeshUtilities: No automatic mesh reduction module available
[2015.10.30-21.35.16:100][  0]LogMeshUtilities: No automatic mesh merging module available
[2015.10.30-21.35.16:107][  0]ImportText (ComponentSweepMultiTests): Missing closing parenthesis: (RootShapeAsset="/Engine/BasicShapes/Cube.Cube",ShapeType="TriggerCapsule",HitResult=(Time=0.50,Location=(X=-100.000015,Y=0.0,Z=100.000015),ImpactPoint=(X=-50.0,Y=0.0,Z=50.0),Normal=(X=-1.0,Y=-0.0,Z=0.0),ImpactNormal=(X=0.0,Y=0.0,Z=1.0),TraceStart=(X=-200.0,Y=0.0,Z=200.0),TraceEnd=(X=0.0,Y=0.0,Z=0.0))
[2015.10.30-21.35.16:107][  0]ImportText (LineTraceSingleByChannelTests): Missing closing parenthesis: (RootShapeAsset="/Engine/BasicShapes/Cube.Cube",HitResult=(Time=0.50,Location=(X=-100.000015,Y=0.0,Z=100.000015),ImpactPoint=(X=-50.0,Y=0.0,Z=50.0),Normal=(X=-1.0,Y=-0.0,Z=0.0),ImpactNormal=(X=0.0,Y=0.0,Z=1.0),TraceStart=(X=-200.0,Y=0.0,Z=200.0),TraceEnd=(X=0.0,Y=0.0,Z=0.0))
[2015.10.30-21.35.20:059][  0]UdpMessaging: Initializing bridge on interface 0.0.0.0:0 to multicast group 230.0.0.1:6666.
[2015.10.30-21.35.20:745][  0]SourceControl: Info Source control is disabled
[2015.10.30-21.35.20:745][  0]SourceControl: Info Source control is disabled
[2015.10.30-21.35.20:958][  0]LogHAL: FLinuxPlatformProcess::CreateProc: spawned child 27561
[2015.10.30-21.35.20:965][  0]LogHAL: Child 27561 is no more running (zombie), Wait()ing immediately.
[2015.10.30-21.35.21:465][  0]SourceControl: Info Source control is disabled
[2015.10.30-21.35.21:682][  0]SourceControl: Info Source control is disabled
[2015.10.30-21.35.21:908][  0]LogDesktopPlatform: LinuxNativeDialogs have been successfully initialized.
[2015.10.30-21.35.25:183][  0]LogObj: 27819 objects as part of root set at end of initial load.
[2015.10.30-21.35.25:183][  0]LogUObjectAllocator: 5653968 out of 0 bytes used by permanent object pool.
[2015.10.30-21.35.25:651][  0]LogEngine: Initializing Engine...
[2015.10.30-21.35.26:321][  0]LogAIModule: Creating AISystem for world NewWorld
[2015.10.30-21.35.26:325][  0]LogALAudio: ALAudio device opened : OpenAL Soft
[2015.10.30-21.35.26:326][  0]LogALAudio: AL_VENDOR      : OpenAL Community
[2015.10.30-21.35.26:326][  0]LogALAudio: AL_RENDERER    : OpenAL Soft
[2015.10.30-21.35.26:326][  0]LogALAudio: AL_VERSION     : 1.1 ALSOFT 1.15.1
[2015.10.30-21.35.26:326][  0]LogALAudio: AL_EXTENSIONS  : AL_EXT_ALAW AL_EXT_DOUBLE AL_EXT_EXPONENT_DISTANCE AL_EXT_FLOAT32 AL_EXT_IMA4 AL_EXT_LINEAR_DISTANCE AL_EXT_MCFORMATS AL_EXT_MULAW AL_EXT_MULAW_MCFORMATS AL_EXT_OFFSET AL_EXT_source_distance_model AL_LOKI_quadriphonic AL_SOFT_buffer_samples AL_SOFT_buffer_sub_data AL_SOFTX_deferred_updates AL_SOFT_direct_channels AL_SOFT_loop_points AL_SOFT_source_latency
[2015.10.30-21.35.26:326][  0]LogInit: FAudioDevice initialized.
[2015.10.30-21.35.26:374][  0]LogDerivedDataCache: Saved boot cache 0.05s 86MB ../../../../Dokumenty/Unreal Projects/MagiCombatArena/DerivedDataCache/Boot.ddc.
[2015.10.30-21.35.26:413][  0]LogInit: Texture streaming: Disabled
[2015.10.30-21.35.26:719][  0]LogInit: Transaction tracking system initialized
[2015.10.30-21.35.28:413][  0]BlueprintLog: New page: Editor Load
[2015.10.30-21.35.28:555][  0]LogAssetRegistry: FAssetRegistry took 0.0003 seconds to start up
[2015.10.30-21.35.28:588][  0]LogDirectoryWatcher:Error: inotify_add_watch cannot watch folder /home/pawel/UnrealEngine/Engine/Plugins/Experimental/CharacterAI/Content/ (errno = 2, No such file or directory)
[2015.10.30-21.35.33:864][  0]LogConsoleManager:Warning: Console variable 'r.VSync' wasn't set ('GameSetting' has a lower priority than 'SystemSettingsIni')
[2015.10.30-21.35.33:864][  0]LogConsoleResponse:Display: 
[2015.10.30-21.35.34:084][  0]LogCook:Display: Done creating registry. It took  0.00s.
[2015.10.30-21.35.36:219][  0]SourceControl: Info Source control is disabled
[2015.10.30-21.35.36:219][  0]Cmd: MAP LOAD FILE="../../../../Dokumenty/Unreal Projects/MagiCombatArena/Content/TopDownBP/Maps/TopDownExampleMap.umap" TEMPLATE=0 SHOWPROGRESS=1 FEATURELEVEL=2
[2015.10.30-21.35.36:221][  0]LightingResults: New page: Lighting Build
[2015.10.30-21.35.36:420][  0]MapCheck: New page: Map Check
[2015.10.30-21.35.36:420][  0]LightingResults: New page: Lighting Build
[2015.10.30-21.35.36:429][  0]LogParticles: Destroying 0 GPU particle simulations for FXSystem 0x0x7fe21c00f880
[2015.10.30-21.35.37:127][  0]LogTexture:Display: Building textures: T_Concrete_Grime_D (AutoDXT)
[2015.10.30-21.35.38:188][  0]LogTexture:Display: Building textures: T_Metal_Rust_N (BC5)
[2015.10.30-21.35.38:300][  0]LogMaterial: Missing cached shader map for material M_Concrete_Grime, compiling. 
[2015.10.30-21.35.38:320][  0]LogMaterial: Missing cached shader map for material FlattenHeightMat, compiling. 
[2015.10.30-21.35.38:326][  0]LogStaticMesh: Building static mesh FlattenPlaneMesh...
[2015.10.30-21.35.38:327][  0]LogStaticMesh: Built static mesh [0.001854.2s] /Engine/EditorLandscapeResources/FlattenPlaneMesh.FlattenPlaneMesh
[2015.10.30-21.35.38:400][  0]LogHAL: Changed child's priority (nice value) to 10 (change from 0)
[2015.10.30-21.35.38:400][  0]LogHAL: Changed child's priority (nice value) to 10 (change from 0)
[2015.10.30-21.35.38:400][  0]LogHAL: Changed child's priority (nice value) to 10 (change from 0)
[2015.10.30-21.35.38:400][  0]LogTexture:Display: Building textures: T_Water_N (BC5)
[2015.10.30-21.35.38:568][  0]LogTexture:Display: Building textures: T_Water_M (AutoDXT)
[2015.10.30-21.35.39:075][  0]LogMaterial: Missing cached shader map for material M_Lava, compiling. 
[2015.10.30-21.35.39:125][  0]LogTexture:Display: Building textures: T_ML_Rubber_Blue_01_D (AutoDXT)
[2015.10.30-21.35.39:366][  0]LogTexture:Display: Building textures: T_ML_Rubber_Blue_01_N (BC5)
[2015.10.30-21.35.39:420][  0]LogTexture:Display: Building textures: T_ML_Aluminum01 (AutoDXT)
[2015.10.30-21.35.39:626][  0]LogTexture:Display: Building textures: T_ML_Aluminum01_N (BC5)
[2015.10.30-21.35.39:697][  0]LogTexture:Display: Building textures: UE4_Mannequin_MAT_MASKA (AutoDXT)
[2015.10.30-21.35.40:120][  0]LogTexture:Display: Building textures: UE4_Mannequin__normals (BC5)
[2015.10.30-21.35.40:661][  0]LogTexture:Display: Building textures: UE4_Mannequin_occlusion_Mobile (AutoDXT)
[2015.10.30-21.35.40:827][  0]LogTexture:Display: Building textures: UE4_LOGO_CARD (AutoDXT)
[2015.10.30-21.35.40:930][  0]LogMaterial: Missing cached shader map for material M_UE4Man_Body, compiling. 
[2015.10.30-21.35.41:000][  0]LogTexture:Display: Building textures: UE4Man_Logo_N (BC5)
[2015.10.30-21.35.41:036][  0]LogMaterial: Missing cached shader map for material M_UE4Man_Body, compiling. 
[2015.10.30-21.35.41:146][  0]LogTexture:Display: Building textures: T_Wood_Pine_N (BC5)
[2015.10.30-21.35.41:443][  0]LogTexture:Display: Building textures: T_Wood_Pine_D (AutoDXT)
[2015.10.30-21.35.42:499][  0]LogMaterial: Missing cached shader map for material M_Wood_Pine, compiling. 
[2015.10.30-21.35.42:624][  0]LogTexture:Display: Building textures: HQ_Lightmap0_6 (AutoDXT)
[2015.10.30-21.35.42:626][  0]LogTexture:Display: Building textures: LQ_Lightmap_0_6 (DXT1)
[2015.10.30-21.35.42:634][  0]LogTexture:Display: Building textures: SkyOcclusion1_6 (AutoDXT)
[2015.10.30-21.35.42:637][  0]LogTexture:Display: Building textures: ShadowMapTexture2D_17 (BGRA8)
[2015.10.30-21.35.42:676][  0]LogMaterial: Missing cached shader map for material M_Water_Ocean, compiling. 
[2015.10.30-21.35.42:745][  0]LogAIModule: Creating AISystem for world TopDownExampleMap
[2015.10.30-21.35.42:769][  0]LogEditorServer: Finished looking for orphan Actors (0.000 secs)
[2015.10.30-21.35.42:770][  0]Cmd: MAP CHECKDEP NOCLEARLOG
[2015.10.30-21.35.42:793][  0]MapCheck: Info Map check complete: 0 Error(s), 0 Warning(s), took 22.815ms to complete.
[2015.10.30-21.35.42:793][  0]LogFileHelpers: Loading map 'TopDownExampleMap' took 6.574
[2015.10.30-21.35.43:105][  0]LogContentBrowser: Native class hierarchy populated in 0.0161 seconds. Added 1847 classes and 298 folders.
[2015.10.30-21.35.43:463][  0]LogCollectionManager: Loaded 0 collections in 0.000730 seconds
[2015.10.30-21.35.43:862][  0]LogContentBrowser: Native class hierarchy updated for 'WidgetCarousel' in 0.0004 seconds. Added 0 classes and 0 folders.
[2015.10.30-21.35.44:142][  0]LogContentBrowser: Native class hierarchy updated for 'AddContentDialog' in 0.0004 seconds. Added 0 classes and 0 folders.
[2015.10.30-21.35.44:328][  0]LogContentBrowser: Native class hierarchy updated for 'SceneOutliner' in 0.0005 seconds. Added 1 classes and 0 folders.
[2015.10.30-21.35.44:343][  0]LogStaticMesh: Building static mesh Cube...
[2015.10.30-21.35.44:344][  0]LogStaticMesh: Built static mesh [0.001104.2s] /Engine/BasicShapes/Cube.Cube
[2015.10.30-21.35.44:349][  0]LogStaticMesh: Building static mesh Sphere...
[2015.10.30-21.35.44:363][  0]LogStaticMesh: Built static mesh [0.013923.2s] /Engine/BasicShapes/Sphere.Sphere
[2015.10.30-21.35.44:376][  0]LogStaticMesh: Building static mesh Cylinder...
[2015.10.30-21.35.44:383][  0]LogStaticMesh: Built static mesh [0.007618.2s] /Engine/BasicShapes/Cylinder.Cylinder
[2015.10.30-21.35.44:397][  0]LogStaticMesh: Building static mesh Cone...
[2015.10.30-21.35.44:404][  0]LogStaticMesh: Built static mesh [0.006993.2s] /Engine/BasicShapes/Cone.Cone
[2015.10.30-21.35.44:684][  0]LogCrashTracker: Crashtracker disabled due to settings.
[2015.10.30-21.35.44:745][  0]LogUObjectGlobals:Warning: Failed to find object 'Class None.'
[2015.10.30-21.35.44:844][  0]LogLoad: Full Startup: 34.16 seconds (BP compile: 0.34 seconds)
[2015.10.30-21.35.45:362][  0]LogRenderer: Reallocating scene render targets to support 1136x680 (Frame:2).
[2015.10.30-21.35.46:655][  0]LogContentStreaming: Texture pool size is 0.000000MB
[2015.10.30-21.35.46:682][  0]LogContentStreaming: Texture pool size now 1000 MB
[2015.10.30-21.35.46:767][  1]LogTexture:Display: Building textures: LevelGrid1DStripes (BGRA8)
[2015.10.30-21.35.46:774][  1]LogMaterial: Missing cached shader map for material LevelGridMaterial2, compiling. 
[2015.10.30-21.35.48:266][  7]LogAssetRegistry: Asset discovery search completed in 19.7110 seconds
[2015.10.30-21.35.49:784][102]BlueprintLog: New page: Pre-PIE auto-recompile
[2015.10.30-21.35.49:784][102]LogPlayLevel: [PIE] Compiling TopDownExampleMap before PIE...
[2015.10.30-21.35.49:908][102]LogPlayLevel: PIE:  Blueprint regeneration took 123 ms (1 blueprints)
[2015.10.30-21.35.49:915][102]PIE: New page: PIE session: TopDownExampleMap (Oct 30, 2015, 11:35:49 PM)
[2015.10.30-21.35.49:916][102]LogPlayLevel: Creating play world package: /Game/TopDownBP/Maps/UEDPIE_0_TopDownExampleMap
[2015.10.30-21.35.49:945][102]LogPlayLevel: PIE: StaticDuplicateObject took: (0.028889s)
[2015.10.30-21.35.49:945][102]LogAIModule: Creating AISystem for world TopDownExampleMap
[2015.10.30-21.35.49:946][102]LogPlayLevel: PIE: World Init took: (0.001414s)
[2015.10.30-21.35.49:947][102]LogPlayLevel: PIE: Created PIE world by copying editor world from /Game/TopDownBP/Maps/TopDownExampleMap.TopDownExampleMap to /Game/TopDownBP/Maps/UEDPIE_0_TopDownExampleMap.TopDownExampleMap (0.030666s)
[2015.10.30-21.35.49:981][102]LogALAudio: ALAudio device opened : OpenAL Soft
[2015.10.30-21.35.49:982][102]LogALAudio: AL_VENDOR      : OpenAL Community
[2015.10.30-21.35.49:982][102]LogALAudio: AL_RENDERER    : OpenAL Soft
[2015.10.30-21.35.49:982][102]LogALAudio: AL_VERSION     : 1.1 ALSOFT 1.15.1
[2015.10.30-21.35.49:982][102]LogALAudio: AL_EXTENSIONS  : AL_EXT_ALAW AL_EXT_DOUBLE AL_EXT_EXPONENT_DISTANCE AL_EXT_FLOAT32 AL_EXT_IMA4 AL_EXT_LINEAR_DISTANCE AL_EXT_MCFORMATS AL_EXT_MULAW AL_EXT_MULAW_MCFORMATS AL_EXT_OFFSET AL_EXT_source_distance_model AL_LOKI_quadriphonic AL_SOFT_buffer_samples AL_SOFT_buffer_sub_data AL_SOFTX_deferred_updates AL_SOFT_direct_channels AL_SOFT_loop_points AL_SOFT_source_latency
[2015.10.30-21.35.49:982][102]LogInit: FAudioDevice initialized.
[2015.10.30-21.35.50:014][102]LogAudioDerivedData:Display: Building compressed audio format OGG wave StartPlayInEditor...
[2015.10.30-21.35.50:086][102]LogWorld: Game class is 'TopDownGameMode_C'
[2015.10.30-21.35.50:103][102]LogWorld:Warning: *** WARNING - PATHS MAY NOT BE VALID ***
[2015.10.30-21.35.50:103][102]LogWorld: Bringing World /Game/TopDownBP/Maps/UEDPIE_0_TopDownExampleMap.TopDownExampleMap up for play (max tick rate 0) at 2015.10.30-22.35.50
[2015.10.30-21.35.50:103][102]LogActor:Warning: GameSession /Game/TopDownBP/Maps/UEDPIE_0_TopDownExampleMap.TopDownExampleMap:PersistentLevel.GameSession_0 has natively added scene component(s), but none of them were set as the actor's RootComponent - picking one arbitrarily
[2015.10.30-21.35.50:104][102]LogActor:Warning: GameNetworkManager /Game/TopDownBP/Maps/UEDPIE_0_TopDownExampleMap.TopDownExampleMap:PersistentLevel.GameNetworkManager_0 has natively added scene component(s), but none of them were set as the actor's RootComponent - picking one arbitrarily
[2015.10.30-21.35.50:105][102]LogWorld: Bringing up level for play took: 0.016025
[2015.10.30-21.35.50:111][102]LogTexture:Display: Building textures: VirtualJoystick_Thumb (BGRA8)
[2015.10.30-21.35.50:116][102]LogTexture:Display: Building textures: VirtualJoystick_Background (BGRA8)
[2015.10.30-21.35.50:122][102]PIE: Info Play in editor start time for /Game/TopDownBP/Maps/UEDPIE_0_TopDownExampleMap 0.332
[2015.10.30-21.36.51:899][389]LogMaterial: Missing cached shader map for material BasicShapeMaterial, compiling. 
[2015.10.30-21.37.29:867][475]LogAudioDerivedData:Display: Building compressed audio format OGG wave EndPlayInEditor...
[2015.10.30-21.37.29:956][475]LogALAudio: Closing ALAudio device : OpenAL Soft
[2015.10.30-21.37.29:971][475]LogParticles: Destroying 0 GPU particle simulations for FXSystem 0x0x10e19b40
[2015.10.30-21.37.30:028][476]Cmd: QUIT_EDITOR
[2015.10.30-21.37.30:114][476]LogALAudio: Closing ALAudio device : OpenAL Soft
[2015.10.30-21.37.30:134][476]LogExit: Preparing to exit.
[2015.10.30-21.37.30:335][476]LogExit: Editor shut down
[2015.10.30-21.37.30:335][476]LogExit: Transaction tracking system shut down
[2015.10.30-21.37.30:336][476]LogParticles: Destroying 0 GPU particle simulations for FXSystem 0x0x27e4760
[2015.10.30-21.37.30:462][476]LogParticles: Destroying 0 GPU particle simulations for FXSystem 0x0x7fe1ea32f500
[2015.10.30-21.37.30:462][476]LogParticles: Destroying 0 GPU particle simulations for FXSystem 0x0x7fe1ea77d3a0
[2015.10.30-21.37.30:462][476]LogParticles: Destroying 0 GPU particle simulations for FXSystem 0x0x1d3aa1a0
[2015.10.30-21.37.30:462][476]LogParticles: Destroying 0 GPU particle simulations for FXSystem 0x0x1d3a65a0
[2015.10.30-21.37.30:462][476]LogParticles: Destroying 0 GPU particle simulations for FXSystem 0x0x1d3a6140
[2015.10.30-21.37.30:462][476]LogExit: Object subsystem successfully closed.
[2015.10.30-21.37.30:466][476]LogHAL:Warning: Process (pid=27573) is still running - we will reap it in a waiter thread, but the thread handle is going to be leaked.
[2015.10.30-21.37.30:467][476]LogHAL:Warning: Process (pid=27574) is still running - we will reap it in a waiter thread, but the thread handle is going to be leaked.
[2015.10.30-21.37.30:469][476]LogHAL:Warning: Process (pid=27575) is still running - we will reap it in a waiter thread, but the thread handle is going to be leaked.
[2015.10.30-21.37.30:555][476]LogModuleManager: Shutting down and abandoning module CrashTracker (162)
[2015.10.30-21.37.30:555][476]LogModuleManager: Shutting down and abandoning module SceneOutliner (161)
[2015.10.30-21.37.30:555][476]LogModuleManager: Shutting down and abandoning module SuperSearch (160)
[2015.10.30-21.37.30:555][476]LogModuleManager: Shutting down and abandoning module WidgetCarousel (159)
[2015.10.30-21.37.30:555][476]LogModuleManager: Shutting down and abandoning module AddContentDialog (158)
[2015.10.30-21.37.30:555][476]LogLinux:Error: appError called: Assertion failed: Assertion failed: (!ModuleInfo->bWasUnloadedAtShutdown) [File:/home/pawel/UnrealEngine/Engine/Source/Runtime/Core/Private/Modules/ModuleManager.cpp] [Line: 348] 
Attempted to load module 'SuperSearch' that was already unloaded at shutdown.  FModuleManager::LoadModule() was called to load a module that was previously loaded, and was unloaded at shutdown time.  If this assert goes off, your trying to load a module during the shutdown phase that was already cleaned up.  The easiest way to fix this is to change your code to query for an already-loaded module instead of trying to load it directly.

[2015.10.30-21.37.30:702][476]LogLinux: === Critical error: ===
Unhandled Exception: SIGSEGV: invalid attempt to access memory at address 0x00000003

[2015.10.30-21.37.30:702][476]LogLinux: Assertion failed: Assertion failed: (!ModuleInfo->bWasUnloadedAtShutdown) [File:/home/pawel/UnrealEngine/Engine/Source/Runtime/Core/Private/Modules/ModuleManager.cpp] [Line: 348] 
Attempted to load module 'SuperSearch' that was already unloaded at shutdown.  FModuleManager::LoadModule() was called to load a module that was previously loaded, and was unloaded at shutdown time.  If this assert goes off, your trying to load a module during the shutdown phase that was already cleaned up.  The easiest way to fix this is to change your code to query for an already-loaded module instead of trying to load it directly.


[Callstack]  02  0x00007fe257de4f31  ReportCrash(FLinuxCrashContext const&)
[Callstack]  03  0x000000000042dd1b  EngineCrashHandler(FGenericCrashContext const&) [/home/pawel/UnrealEngine/Engine/Source/Runtime/Launch/Private/Linux/LaunchLinux.cpp, line 31]
[Callstack]  04  0x00007fe257de87c8  PlatformCrashHandler(int, siginfo_t*, void*)
[Callstack]  05  0x00007fe258869340  /lib/x86_64-linux-gnu/libpthread.so.0(+0x10340) [0x7fe258869340]
[Callstack]  06  0x00007fe257df27ac  FOutputDeviceLinuxError::Serialize(wchar_t const*, ELogVerbosity::Type, FName const&)
[Callstack]  07  0x00007fe257ea3cb4  FOutputDevice::Logf(wchar_t const*, ...)
[Callstack]  08  0x00007fe257e87c10  FDebug::AssertFailed(char const*, char const*, int, wchar_t const*, ...)
[Callstack]  09  0x00007fe257ec7bd8  FModuleManager::LoadModuleWithFailureReason(FName, EModuleLoadResult&, bool)
[Callstack]  10  0x00007fe257ec6f63  FModuleManager::LoadModule(FName, bool)
[Callstack]  11  0x00007fe24f91cfc0  FSuperSearchModule& FModuleManager::LoadModuleChecked<FSuperSearchModule>(FName)
[Callstack]  12  0x00007fe23989fa41  FFeaturePackContentSource::~FFeaturePackContentSource()
[Callstack]  13  0x00007fe23989fcc9  FFeaturePackContentSource::~FFeaturePackContentSource()
[Callstack]  14  0x00007fe2398aeda7  TArray<TSharedRef<IContentSource, (ESPMode)0>, FDefaultAllocator>::~TArray()
[Callstack]  15  0x00007fe2398a28df  FFeaturePackContentSourceProvider::~FFeaturePackContentSourceProvider()
[Callstack]  16  0x00007fe2398a2999  FFeaturePackContentSourceProvider::~FFeaturePackContentSourceProvider()
[Callstack]  17  0x00007fe2398f9a87  TArray<TSharedRef<IContentSourceProvider, (ESPMode)0>, FDefaultAllocator>::~TArray()
[Callstack]  18  0x00007fe2398f9a31  void SharedPointerInternals::DestroyObject<FContentSourceProviderManager>(void*)
[Callstack]  19  0x00007fe2398f8c6f  FAddContentDialogModule::~FAddContentDialogModule()
[Callstack]  20  0x00007fe257ec9057  FModuleManager::UnloadModule(FName, bool)
[Callstack]  21  0x00007fe257ec9acd  FModuleManager::UnloadModulesAtShutdown()
[Callstack]  22  0x00000000004238ae  FEngineLoop::Exit() [/home/pawel/UnrealEngine/Engine/Source/Runtime/Launch/Private/LaunchEngineLoop.cpp, line 2156]
[Callstack]  23  0x0000000000423f4c  GuardedMain(wchar_t const*) [/home/pawel/UnrealEngine/Engine/Source/Runtime/Launch/Private/Launch.cpp, line 154]
[Callstack]  24  0x000000000042e5ef  /home/pawel/UnrealEngine/Engine/Binaries/Linux/UE4Editor(main+0x87f) [0x42e5ef] [/home/pawel/UnrealEngine/Engine/Source/Runtime/Launch/Private/Linux/LaunchLinux.cpp, line 193]
[Callstack]  25  0x00007fe24d0d3ec5  /lib/x86_64-linux-gnu/libc.so.6(__libc_start_main+0xf5) [0x7fe24d0d3ec5]
[Callstack]  26  0x0000000000411008  /home/pawel/UnrealEngine/Engine/Binaries/Linux/UE4Editor() [0x411008]

