[2015.10.30-21.48.01:795][  0]Log file open, 10/30/15 22:48:01
[2015.10.30-21.48.01:795][  0]LogInit:Display: Running engine for game: MagiCombatArena
[2015.10.30-21.48.01:795][  0]LogInit:Display: RandInit(-1439262874) SRandInit(-1439262871).
[2015.10.30-21.48.01:795][  0]LogTaskGraph: Started task graph with 4 named threads and 7 total threads.
[2015.10.30-21.48.01:795][  0]LogStats: Stats thread started
[2015.10.30-21.48.01:795][  0]LogInit: Version: 4.8.1-0+++depot+UE4-Releases+4.8
[2015.10.30-21.48.01:795][  0]LogInit: API Version: 0
[2015.10.30-21.48.01:795][  0]LogInit: Compiled (64-bit): Jul  2 2015 18:24:44
[2015.10.30-21.48.01:795][  0]LogInit: Compiled with Clang: 3.5.0 (tags/RELEASE_350/final)
[2015.10.30-21.48.01:795][  0]LogInit: Build Configuration: Development
[2015.10.30-21.48.01:795][  0]LogInit: Branch Name: ++depot+UE4-Releases+4.8
[2015.10.30-21.48.01:795][  0]LogInit: Command line: 
[2015.10.30-21.48.01:795][  0]LogInit: Base directory: /home/pawel/UnrealEngine/Engine/Binaries/Linux/
[2015.10.30-21.48.01:795][  0]LogInit: Rocket: 0
[2015.10.30-21.48.01:800][  0]LogInit: Using libcurl 7.38.0
[2015.10.30-21.48.01:800][  0]LogInit:  - built for x86_64-unknown-linux-gnu
[2015.10.30-21.48.01:800][  0]LogInit:  - supports SSL with OpenSSL/1.0.1i
[2015.10.30-21.48.01:800][  0]LogInit:  - supports HTTP deflate (compression) using libz 1.2.5
[2015.10.30-21.48.01:800][  0]LogInit:  - other features:
[2015.10.30-21.48.01:800][  0]LogInit:      CURL_VERSION_SSL
[2015.10.30-21.48.01:800][  0]LogInit:      CURL_VERSION_LIBZ
[2015.10.30-21.48.01:800][  0]LogInit:      CURL_VERSION_IPV6
[2015.10.30-21.48.01:800][  0]LogInit:      CURL_VERSION_ASYNCHDNS
[2015.10.30-21.48.01:800][  0]LogInit:      CURL_VERSION_LARGEFILE
[2015.10.30-21.48.01:800][  0]LogInit:      CURL_VERSION_TLSAUTH_SRP
[2015.10.30-21.48.01:800][  0]LogInit:  Libcurl: checking if '/etc/pki/tls/certs/ca-bundle.crt' exists
[2015.10.30-21.48.01:800][  0]LogInit:  Libcurl: checking if '/etc/ssl/certs/ca-certificates.crt' exists
[2015.10.30-21.48.01:800][  0]LogInit:  CurlRequestOptions (configurable via config and command line):
[2015.10.30-21.48.01:800][  0]LogInit:  - bVerifyPeer = true  - Libcurl will verify peer certificate
[2015.10.30-21.48.01:800][  0]LogInit:  - bUseHttpProxy = false  - Libcurl will NOT use HTTP proxy
[2015.10.30-21.48.01:800][  0]LogInit:  - bDontReuseConnections = false  - Libcurl will reuse connections
[2015.10.30-21.48.01:800][  0]LogInit:  - CertBundlePath = /etc/ssl/certs/ca-certificates.crt  - Libcurl will set CURLOPT_CAINFO to it
[2015.10.30-21.48.01:803][  0]LogOnline:Warning: No default platform service specified for OnlineSubsystem
[2015.10.30-21.48.01:888][  0]LogInit: Presizing for 0 objects not considered by GC, pre-allocating 0 bytes.
[2015.10.30-21.48.01:894][  0]LogInit: Object subsystem initialized
[2015.10.30-21.48.01:894][  0]LogConsoleResponse:Warning: Skipping Unknown console variable: 'TranslucentSortAxis = (X=0.000000,Y=-1.000000,Z=0.000000)'
[2015.10.30-21.48.01:894][  0]LogConsoleResponse:Warning:   Found in ini file '/home/pawel/Dokumenty/Unreal Projects/MagiCombatArena/Saved/Config/Linux/Engine.ini', in section '[/Script/Engine.RendererSettings]'
[2015.10.30-21.48.01:894][  0]LogConsoleResponse:Warning: Skipping Unknown console variable: 'UIScaleRule = ShortestSide'
[2015.10.30-21.48.01:894][  0]LogConsoleResponse:Warning:   Found in ini file '/home/pawel/Dokumenty/Unreal Projects/MagiCombatArena/Saved/Config/Linux/Engine.ini', in section '[/Script/Engine.RendererSettings]'
[2015.10.30-21.48.01:894][  0]LogConsoleResponse:Warning: Skipping Unknown console variable: 'UIScaleCurve = (EditorCurveData=(Keys=),ExternalCurve=None)'
[2015.10.30-21.48.01:894][  0]LogConsoleResponse:Warning:   Found in ini file '/home/pawel/Dokumenty/Unreal Projects/MagiCombatArena/Saved/Config/Linux/Engine.ini', in section '[/Script/Engine.RendererSettings]'
[2015.10.30-21.48.01:894][  0]LogInit: Selected Device Profile: [Linux]
[2015.10.30-21.48.01:894][  0]LogInit: Applying CVar settings loaded from the selected device profile: [Linux]
[2015.10.30-21.48.01:900][  0]LogInit: Linux hardware info:
[2015.10.30-21.48.01:900][  0]LogInit:  - this process' id (pid) is 28164, parent process' id (ppid) is 28109
[2015.10.30-21.48.01:900][  0]LogInit:  - we are not running under debugger
[2015.10.30-21.48.01:900][  0]LogInit:  - machine network name is 'pawel-MS-7816'
[2015.10.30-21.48.01:900][  0]LogInit:  - we're logged in locally
[2015.10.30-21.48.01:900][  0]LogInit:  - Number of physical cores available for the process: 4
[2015.10.30-21.48.01:900][  0]LogInit:  - Number of logical cores available for the process: 4
[2015.10.30-21.48.01:900][  0]LogInit:  - Memory allocator used: binned
[2015.10.30-21.48.01:900][  0]LogInit: Linux-specific commandline switches:
[2015.10.30-21.48.01:900][  0]LogInit:  -nodwarf (currently OFF): suppress parsing of DWARF debug info (callstacks will be generated faster, but won't have line numbers)
[2015.10.30-21.48.01:900][  0]LogInit:  -ansimalloc - use malloc()/free() from libc (useful for tools like valgrind and electric fence)
[2015.10.30-21.48.01:900][  0]LogInit:  -jemalloc - use jemalloc for all memory allocation
[2015.10.30-21.48.01:900][  0]LogInit:  -binnedmalloc - use binned malloc  for all memory allocation
[2015.10.30-21.48.01:900][  0]LogInit:  -httpproxy=ADDRESS:PORT - redirects HTTP requests to a proxy (only supported if compiled with libcurl)
[2015.10.30-21.48.01:900][  0]LogInit:  -reuseconn - allow libcurl to reuse HTTP connections (only matters if compiled with libcurl)
[2015.10.30-21.48.01:901][  0]LogInit:  -virtmemkb=NUMBER - sets process virtual memory (address space) limit (overrides VirtualMemoryLimitInKB value from .ini)
[2015.10.30-21.48.01:901][  0]LogInit: Setting LC_NUMERIC to en_US
[2015.10.30-21.48.01:901][  0]LogInit: Initializing SDL.
[2015.10.30-21.48.02:348][  0]LogInit: Display metrics:
[2015.10.30-21.48.02:348][  0]LogInit:   PrimaryDisplayWidth: 1920
[2015.10.30-21.48.02:348][  0]LogInit:   PrimaryDisplayHeight: 1080
[2015.10.30-21.48.02:348][  0]LogInit:   PrimaryDisplayWorkAreaRect:
[2015.10.30-21.48.02:348][  0]LogInit:     Left=65, Top=24, Right=1920, Bottom=1080
[2015.10.30-21.48.02:348][  0]LogInit:   VirtualDisplayRect:
[2015.10.30-21.48.02:348][  0]LogInit:     Left=65, Top=24, Right=3840, Bottom=1186
[2015.10.30-21.48.02:348][  0]LogInit:   TitleSafePaddingSize: X=0.000 Y=0.000
[2015.10.30-21.48.02:348][  0]LogInit:   ActionSafePaddingSize: X=0.000 Y=0.000
[2015.10.30-21.48.02:348][  0]LogInit:   Number of monitors: 2
[2015.10.30-21.48.02:348][  0]LogInit:     Monitor 0
[2015.10.30-21.48.02:348][  0]LogInit:       Name: Philips 247E4 24"
[2015.10.30-21.48.02:348][  0]LogInit:       ID: display0
[2015.10.30-21.48.02:348][  0]LogInit:       NativeWidth: 1920
[2015.10.30-21.48.02:348][  0]LogInit:       NativeHeight: 1080
[2015.10.30-21.48.02:348][  0]LogInit:       bIsPrimary: true
[2015.10.30-21.48.02:348][  0]LogInit:     Monitor 1
[2015.10.30-21.48.02:348][  0]LogInit:       Name: 231TE4L 23"
[2015.10.30-21.48.02:348][  0]LogInit:       ID: display1
[2015.10.30-21.48.02:348][  0]LogInit:       NativeWidth: 1920
[2015.10.30-21.48.02:349][  0]LogInit:       NativeHeight: 1080
[2015.10.30-21.48.02:349][  0]LogInit:       bIsPrimary: false
[2015.10.30-21.48.02:349][  0]LogInit:  - Physical RAM available (not considering process quota): 16 GB (15977 MB, 16360736 KB, 16753393664 bytes)
[2015.10.30-21.48.02:352][  0]LogTextLocalizationManager: The requested culture ('pl_PL') has no localization data; falling back to 'en' for localization and internationalization data.
[2015.10.30-21.48.02:456][  0]LogTextLocalizationManager:Warning: Loaded localization resources contain conflicting entries for (Namespace:ContentBrowser, Key:ImportAssetToolTip):
Localization Resource: (/home/pawel/UnrealEngine/Engine/Content/Localization/Editor/en/Editor.locres) Source String Hash: (-630476809) Localized String: (Import to {0}...)
Localization Resource: (/home/pawel/UnrealEngine/Engine/Content/Localization/Editor/en/Editor.locres) Source String Hash: (1271782899) Localized String: (Imports an asset from file to this folder.)
[2015.10.30-21.48.02:898][  0]LogRHI:Warning: disabling reporting back of debug groups and markers to the OpenGL debug output callback
[2015.10.30-21.48.03:033][  0]LogRHI:Warning: disabling reporting back of debug groups and markers to the OpenGL debug output callback
[2015.10.30-21.48.03:033][  0]LogRHI: Initializing OpenGL RHI
[2015.10.30-21.48.03:033][  0]LogRHI:   GL_VENDOR: NVIDIA Corporation
[2015.10.30-21.48.03:033][  0]LogRHI:   GL_RENDERER: GeForce GTX 760/PCIe/SSE2
[2015.10.30-21.48.03:033][  0]LogRHI:   GL_VERSION: 3.2.0 NVIDIA 304.128
[2015.10.30-21.48.03:033][  0]LogRHI:   GL_SHADING_LANGUAGE_VERSION: 1.50 NVIDIA via Cg compiler
[2015.10.30-21.48.03:033][  0]LogRHI: OpenGL Extensions:
[2015.10.30-21.48.03:033][  0]LogRHI:   GL_AMD_multi_draw_indirect
[2015.10.30-21.48.03:033][  0]LogRHI:   GL_AMD_seamless_cubemap_per_texture
[2015.10.30-21.48.03:033][  0]LogRHI:   GL_ARB_base_instance
[2015.10.30-21.48.03:033][  0]LogRHI:   GL_ARB_blend_func_extended
[2015.10.30-21.48.03:033][  0]LogRHI:   GL_ARB_color_buffer_float
[2015.10.30-21.48.03:033][  0]LogRHI:   GL_ARB_compressed_texture_pixel_storage
[2015.10.30-21.48.03:033][  0]LogRHI:   GL_ARB_conservative_depth
[2015.10.30-21.48.03:033][  0]LogRHI:   GL_ARB_copy_buffer
[2015.10.30-21.48.03:033][  0]LogRHI:   GL_ARB_depth_buffer_float
[2015.10.30-21.48.03:033][  0]LogRHI:   GL_ARB_depth_clamp
[2015.10.30-21.48.03:033][  0]LogRHI:   GL_ARB_depth_texture
[2015.10.30-21.48.03:033][  0]LogRHI:   GL_ARB_draw_buffers
[2015.10.30-21.48.03:033][  0]LogRHI:   GL_ARB_draw_buffers_blend
[2015.10.30-21.48.03:033][  0]LogRHI:   GL_ARB_draw_indirect
[2015.10.30-21.48.03:033][  0]LogRHI:   GL_ARB_draw_elements_base_vertex
[2015.10.30-21.48.03:033][  0]LogRHI:   GL_ARB_draw_instanced
[2015.10.30-21.48.03:033][  0]LogRHI:   GL_ARB_ES2_compatibility
[2015.10.30-21.48.03:033][  0]LogRHI:   GL_ARB_explicit_attrib_location
[2015.10.30-21.48.03:033][  0]LogRHI:   GL_ARB_fragment_coord_conventions
[2015.10.30-21.48.03:033][  0]LogRHI:   GL_ARB_fragment_program
[2015.10.30-21.48.03:033][  0]LogRHI:   GL_ARB_fragment_program_shadow
[2015.10.30-21.48.03:033][  0]LogRHI:   GL_ARB_fragment_shader
[2015.10.30-21.48.03:033][  0]LogRHI:   GL_ARB_framebuffer_object
[2015.10.30-21.48.03:033][  0]LogRHI:   GL_ARB_framebuffer_sRGB
[2015.10.30-21.48.03:033][  0]LogRHI:   GL_ARB_geometry_shader4
[2015.10.30-21.48.03:033][  0]LogRHI:   GL_ARB_get_program_binary
[2015.10.30-21.48.03:033][  0]LogRHI:   GL_ARB_gpu_shader5
[2015.10.30-21.48.03:033][  0]LogRHI:   GL_ARB_gpu_shader_fp64
[2015.10.30-21.48.03:033][  0]LogRHI:   GL_ARB_half_float_pixel
[2015.10.30-21.48.03:033][  0]LogRHI:   GL_ARB_half_float_vertex
[2015.10.30-21.48.03:033][  0]LogRHI:   GL_ARB_imaging
[2015.10.30-21.48.03:033][  0]LogRHI:   GL_ARB_instanced_arrays
[2015.10.30-21.48.03:033][  0]LogRHI:   GL_ARB_internalformat_query
[2015.10.30-21.48.03:033][  0]LogRHI:   GL_ARB_map_buffer_alignment
[2015.10.30-21.48.03:033][  0]LogRHI:   GL_ARB_map_buffer_range
[2015.10.30-21.48.03:033][  0]LogRHI:   GL_ARB_multisample
[2015.10.30-21.48.03:033][  0]LogRHI:   GL_ARB_multitexture
[2015.10.30-21.48.03:033][  0]LogRHI:   GL_ARB_occlusion_query
[2015.10.30-21.48.03:033][  0]LogRHI:   GL_ARB_occlusion_query2
[2015.10.30-21.48.03:033][  0]LogRHI:   GL_ARB_pixel_buffer_object
[2015.10.30-21.48.03:033][  0]LogRHI:   GL_ARB_point_parameters
[2015.10.30-21.48.03:033][  0]LogRHI:   GL_ARB_point_sprite
[2015.10.30-21.48.03:033][  0]LogRHI:   GL_ARB_provoking_vertex
[2015.10.30-21.48.03:033][  0]LogRHI:   GL_ARB_robustness
[2015.10.30-21.48.03:033][  0]LogRHI:   GL_ARB_sample_shading
[2015.10.30-21.48.03:033][  0]LogRHI:   GL_ARB_sampler_objects
[2015.10.30-21.48.03:033][  0]LogRHI:   GL_ARB_seamless_cube_map
[2015.10.30-21.48.03:033][  0]LogRHI:   GL_ARB_separate_shader_objects
[2015.10.30-21.48.03:033][  0]LogRHI:   GL_ARB_shader_atomic_counters
[2015.10.30-21.48.03:033][  0]LogRHI:   GL_ARB_shader_bit_encoding
[2015.10.30-21.48.03:033][  0]LogRHI:   GL_ARB_shader_image_load_store
[2015.10.30-21.48.03:033][  0]LogRHI:   GL_ARB_shader_objects
[2015.10.30-21.48.03:033][  0]LogRHI:   GL_ARB_shader_precision
[2015.10.30-21.48.03:033][  0]LogRHI:   GL_ARB_shader_subroutine
[2015.10.30-21.48.03:033][  0]LogRHI:   GL_ARB_shader_texture_lod
[2015.10.30-21.48.03:033][  0]LogRHI:   GL_ARB_shading_language_100
[2015.10.30-21.48.03:034][  0]LogRHI:   GL_ARB_shading_language_420pack
[2015.10.30-21.48.03:034][  0]LogRHI:   GL_ARB_shading_language_include
[2015.10.30-21.48.03:034][  0]LogRHI:   GL_ARB_shading_language_packing
[2015.10.30-21.48.03:034][  0]LogRHI:   GL_ARB_shadow
[2015.10.30-21.48.03:034][  0]LogRHI:   GL_ARB_sync
[2015.10.30-21.48.03:034][  0]LogRHI:   GL_ARB_tessellation_shader
[2015.10.30-21.48.03:034][  0]LogRHI:   GL_ARB_texture_border_clamp
[2015.10.30-21.48.03:034][  0]LogRHI:   GL_ARB_texture_buffer_object
[2015.10.30-21.48.03:034][  0]LogRHI:   GL_ARB_texture_buffer_object_rgb32
[2015.10.30-21.48.03:034][  0]LogRHI:   GL_ARB_texture_compression
[2015.10.30-21.48.03:034][  0]LogRHI:   GL_ARB_texture_compression_bptc
[2015.10.30-21.48.03:034][  0]LogRHI:   GL_ARB_texture_compression_rgtc
[2015.10.30-21.48.03:034][  0]LogRHI:   GL_ARB_texture_cube_map
[2015.10.30-21.48.03:034][  0]LogRHI:   GL_ARB_texture_cube_map_array
[2015.10.30-21.48.03:034][  0]LogRHI:   GL_ARB_texture_env_add
[2015.10.30-21.48.03:034][  0]LogRHI:   GL_ARB_texture_env_combine
[2015.10.30-21.48.03:034][  0]LogRHI:   GL_ARB_texture_env_crossbar
[2015.10.30-21.48.03:034][  0]LogRHI:   GL_ARB_texture_env_dot3
[2015.10.30-21.48.03:034][  0]LogRHI:   GL_ARB_texture_float
[2015.10.30-21.48.03:034][  0]LogRHI:   GL_ARB_texture_gather
[2015.10.30-21.48.03:034][  0]LogRHI:   GL_ARB_texture_mirrored_repeat
[2015.10.30-21.48.03:034][  0]LogRHI:   GL_ARB_texture_multisample
[2015.10.30-21.48.03:034][  0]LogRHI:   GL_ARB_texture_non_power_of_two
[2015.10.30-21.48.03:034][  0]LogRHI:   GL_ARB_texture_query_lod
[2015.10.30-21.48.03:034][  0]LogRHI:   GL_ARB_texture_rectangle
[2015.10.30-21.48.03:034][  0]LogRHI:   GL_ARB_texture_rg
[2015.10.30-21.48.03:034][  0]LogRHI:   GL_ARB_texture_rgb10_a2ui
[2015.10.30-21.48.03:034][  0]LogRHI:   GL_ARB_texture_storage
[2015.10.30-21.48.03:034][  0]LogRHI:   GL_ARB_texture_swizzle
[2015.10.30-21.48.03:034][  0]LogRHI:   GL_ARB_timer_query
[2015.10.30-21.48.03:034][  0]LogRHI:   GL_ARB_transform_feedback2
[2015.10.30-21.48.03:034][  0]LogRHI:   GL_ARB_transform_feedback3
[2015.10.30-21.48.03:034][  0]LogRHI:   GL_ARB_transform_feedback_instanced
[2015.10.30-21.48.03:034][  0]LogRHI:   GL_ARB_transpose_matrix
[2015.10.30-21.48.03:034][  0]LogRHI:   GL_ARB_uniform_buffer_object
[2015.10.30-21.48.03:034][  0]LogRHI:   GL_ARB_vertex_array_bgra
[2015.10.30-21.48.03:034][  0]LogRHI:   GL_ARB_vertex_array_object
[2015.10.30-21.48.03:034][  0]LogRHI:   GL_ARB_vertex_attrib_64bit
[2015.10.30-21.48.03:034][  0]LogRHI:   GL_ARB_vertex_buffer_object
[2015.10.30-21.48.03:034][  0]LogRHI:   GL_ARB_vertex_program
[2015.10.30-21.48.03:034][  0]LogRHI:   GL_ARB_vertex_shader
[2015.10.30-21.48.03:034][  0]LogRHI:   GL_ARB_vertex_type_2_10_10_10_rev
[2015.10.30-21.48.03:034][  0]LogRHI:   GL_ARB_viewport_array
[2015.10.30-21.48.03:034][  0]LogRHI:   GL_ARB_window_pos
[2015.10.30-21.48.03:034][  0]LogRHI:   GL_ATI_draw_buffers
[2015.10.30-21.48.03:034][  0]LogRHI:   GL_ATI_texture_float
[2015.10.30-21.48.03:034][  0]LogRHI:   GL_ATI_texture_mirror_once
[2015.10.30-21.48.03:034][  0]LogRHI:   GL_S3_s3tc
[2015.10.30-21.48.03:034][  0]LogRHI:   GL_EXT_texture_env_add
[2015.10.30-21.48.03:034][  0]LogRHI:   GL_EXT_abgr
[2015.10.30-21.48.03:034][  0]LogRHI:   GL_EXT_bgra
[2015.10.30-21.48.03:034][  0]LogRHI:   GL_EXT_bindable_uniform
[2015.10.30-21.48.03:034][  0]LogRHI:   GL_EXT_blend_color
[2015.10.30-21.48.03:034][  0]LogRHI:   GL_EXT_blend_equation_separate
[2015.10.30-21.48.03:034][  0]LogRHI:   GL_EXT_blend_func_separate
[2015.10.30-21.48.03:034][  0]LogRHI:   GL_EXT_blend_minmax
[2015.10.30-21.48.03:034][  0]LogRHI:   GL_EXT_blend_subtract
[2015.10.30-21.48.03:034][  0]LogRHI:   GL_EXT_compiled_vertex_array
[2015.10.30-21.48.03:034][  0]LogRHI:   GL_EXT_Cg_shader
[2015.10.30-21.48.03:034][  0]LogRHI:   GL_EXT_depth_bounds_test
[2015.10.30-21.48.03:034][  0]LogRHI:   GL_EXT_direct_state_access
[2015.10.30-21.48.03:034][  0]LogRHI:   GL_EXT_draw_buffers2
[2015.10.30-21.48.03:034][  0]LogRHI:   GL_EXT_draw_instanced
[2015.10.30-21.48.03:034][  0]LogRHI:   GL_EXT_draw_range_elements
[2015.10.30-21.48.03:034][  0]LogRHI:   GL_EXT_fog_coord
[2015.10.30-21.48.03:034][  0]LogRHI:   GL_EXT_framebuffer_blit
[2015.10.30-21.48.03:034][  0]LogRHI:   GL_EXT_framebuffer_multisample
[2015.10.30-21.48.03:034][  0]LogRHI:   GL_EXTX_framebuffer_mixed_formats
[2015.10.30-21.48.03:034][  0]LogRHI:   GL_EXT_framebuffer_object
[2015.10.30-21.48.03:034][  0]LogRHI:   GL_EXT_framebuffer_sRGB
[2015.10.30-21.48.03:034][  0]LogRHI:   GL_EXT_geometry_shader4
[2015.10.30-21.48.03:034][  0]LogRHI:   GL_EXT_gpu_program_parameters
[2015.10.30-21.48.03:034][  0]LogRHI:   GL_EXT_gpu_shader4
[2015.10.30-21.48.03:034][  0]LogRHI:   GL_EXT_multi_draw_arrays
[2015.10.30-21.48.03:034][  0]LogRHI:   GL_EXT_packed_depth_stencil
[2015.10.30-21.48.03:034][  0]LogRHI:   GL_EXT_packed_float
[2015.10.30-21.48.03:034][  0]LogRHI:   GL_EXT_packed_pixels
[2015.10.30-21.48.03:034][  0]LogRHI:   GL_EXT_pixel_buffer_object
[2015.10.30-21.48.03:034][  0]LogRHI:   GL_EXT_point_parameters
[2015.10.30-21.48.03:034][  0]LogRHI:   GL_EXT_provoking_vertex
[2015.10.30-21.48.03:034][  0]LogRHI:   GL_EXT_rescale_normal
[2015.10.30-21.48.03:034][  0]LogRHI:   GL_EXT_secondary_color
[2015.10.30-21.48.03:034][  0]LogRHI:   GL_EXT_separate_shader_objects
[2015.10.30-21.48.03:034][  0]LogRHI:   GL_EXT_separate_specular_color
[2015.10.30-21.48.03:034][  0]LogRHI:   GL_EXT_shader_image_load_store
[2015.10.30-21.48.03:034][  0]LogRHI:   GL_EXT_shadow_funcs
[2015.10.30-21.48.03:034][  0]LogRHI:   GL_EXT_stencil_two_side
[2015.10.30-21.48.03:034][  0]LogRHI:   GL_EXT_stencil_wrap
[2015.10.30-21.48.03:034][  0]LogRHI:   GL_EXT_texture3D
[2015.10.30-21.48.03:034][  0]LogRHI:   GL_EXT_texture_array
[2015.10.30-21.48.03:034][  0]LogRHI:   GL_EXT_texture_buffer_object
[2015.10.30-21.48.03:034][  0]LogRHI:   GL_EXT_texture_compression_dxt1
[2015.10.30-21.48.03:034][  0]LogRHI:   GL_EXT_texture_compression_latc
[2015.10.30-21.48.03:034][  0]LogRHI:   GL_EXT_texture_compression_rgtc
[2015.10.30-21.48.03:034][  0]LogRHI:   GL_EXT_texture_compression_s3tc
[2015.10.30-21.48.03:034][  0]LogRHI:   GL_EXT_texture_cube_map
[2015.10.30-21.48.03:034][  0]LogRHI:   GL_EXT_texture_edge_clamp
[2015.10.30-21.48.03:034][  0]LogRHI:   GL_EXT_texture_env_combine
[2015.10.30-21.48.03:034][  0]LogRHI:   GL_EXT_texture_env_dot3
[2015.10.30-21.48.03:034][  0]LogRHI:   GL_EXT_texture_filter_anisotropic
[2015.10.30-21.48.03:034][  0]LogRHI:   GL_EXT_texture_format_BGRA8888
[2015.10.30-21.48.03:034][  0]LogRHI:   GL_EXT_texture_integer
[2015.10.30-21.48.03:034][  0]LogRHI:   GL_EXT_texture_lod
[2015.10.30-21.48.03:034][  0]LogRHI:   GL_EXT_texture_lod_bias
[2015.10.30-21.48.03:034][  0]LogRHI:   GL_EXT_texture_mirror_clamp
[2015.10.30-21.48.03:034][  0]LogRHI:   GL_EXT_texture_object
[2015.10.30-21.48.03:034][  0]LogRHI:   GL_EXT_texture_shared_exponent
[2015.10.30-21.48.03:034][  0]LogRHI:   GL_EXT_texture_sRGB
[2015.10.30-21.48.03:034][  0]LogRHI:   GL_EXT_texture_sRGB_decode
[2015.10.30-21.48.03:034][  0]LogRHI:   GL_EXT_texture_storage
[2015.10.30-21.48.03:034][  0]LogRHI:   GL_EXT_texture_swizzle
[2015.10.30-21.48.03:034][  0]LogRHI:   GL_EXT_texture_type_2_10_10_10_REV
[2015.10.30-21.48.03:034][  0]LogRHI:   GL_EXT_timer_query
[2015.10.30-21.48.03:034][  0]LogRHI:   GL_EXT_transform_feedback2
[2015.10.30-21.48.03:034][  0]LogRHI:   GL_EXT_vertex_array
[2015.10.30-21.48.03:034][  0]LogRHI:   GL_EXT_vertex_array_bgra
[2015.10.30-21.48.03:034][  0]LogRHI:   GL_EXT_vertex_attrib_64bit
[2015.10.30-21.48.03:034][  0]LogRHI:   GL_EXT_x11_sync_object
[2015.10.30-21.48.03:034][  0]LogRHI:   GL_EXT_import_sync_object
[2015.10.30-21.48.03:034][  0]LogRHI:   GL_IBM_rasterpos_clip
[2015.10.30-21.48.03:034][  0]LogRHI:   GL_IBM_texture_mirrored_repeat
[2015.10.30-21.48.03:034][  0]LogRHI:   GL_KTX_buffer_region
[2015.10.30-21.48.03:034][  0]LogRHI:   GL_NV_alpha_test
[2015.10.30-21.48.03:034][  0]LogRHI:   GL_NV_bindless_texture
[2015.10.30-21.48.03:034][  0]LogRHI:   GL_NV_blend_minmax
[2015.10.30-21.48.03:034][  0]LogRHI:   GL_NV_blend_square
[2015.10.30-21.48.03:034][  0]LogRHI:   GL_NV_complex_primitives
[2015.10.30-21.48.03:034][  0]LogRHI:   GL_NV_conditional_render
[2015.10.30-21.48.03:034][  0]LogRHI:   GL_NV_copy_depth_to_color
[2015.10.30-21.48.03:034][  0]LogRHI:   GL_NV_copy_image
[2015.10.30-21.48.03:034][  0]LogRHI:   GL_NV_depth_buffer_float
[2015.10.30-21.48.03:034][  0]LogRHI:   GL_NV_depth_clamp
[2015.10.30-21.48.03:034][  0]LogRHI:   GL_NV_ES1_1_compatibility
[2015.10.30-21.48.03:034][  0]LogRHI:   GL_NV_explicit_multisample
[2015.10.30-21.48.03:034][  0]LogRHI:   GL_NV_fbo_color_attachments
[2015.10.30-21.48.03:034][  0]LogRHI:   GL_NV_fence
[2015.10.30-21.48.03:034][  0]LogRHI:   GL_NV_float_buffer
[2015.10.30-21.48.03:034][  0]LogRHI:   GL_NV_fog_distance
[2015.10.30-21.48.03:034][  0]LogRHI:   GL_NV_fragdepth
[2015.10.30-21.48.03:034][  0]LogRHI:   GL_NV_fragment_program
[2015.10.30-21.48.03:034][  0]LogRHI:   GL_NV_fragment_program_option
[2015.10.30-21.48.03:034][  0]LogRHI:   GL_NV_fragment_program2
[2015.10.30-21.48.03:034][  0]LogRHI:   GL_NV_framebuffer_multisample_coverage
[2015.10.30-21.48.03:034][  0]LogRHI:   GL_NV_geometry_shader4
[2015.10.30-21.48.03:035][  0]LogRHI:   GL_NV_gpu_program4
[2015.10.30-21.48.03:035][  0]LogRHI:   GL_NV_gpu_program4_1
[2015.10.30-21.48.03:035][  0]LogRHI:   GL_NV_gpu_program5
[2015.10.30-21.48.03:035][  0]LogRHI:   GL_NV_gpu_program_fp64
[2015.10.30-21.48.03:035][  0]LogRHI:   GL_NV_gpu_shader5
[2015.10.30-21.48.03:035][  0]LogRHI:   GL_NV_half_float
[2015.10.30-21.48.03:035][  0]LogRHI:   GL_NV_light_max_exponent
[2015.10.30-21.48.03:035][  0]LogRHI:   GL_NV_multisample_coverage
[2015.10.30-21.48.03:035][  0]LogRHI:   GL_NV_multisample_filter_hint
[2015.10.30-21.48.03:035][  0]LogRHI:   GL_NV_occlusion_query
[2015.10.30-21.48.03:035][  0]LogRHI:   GL_NV_packed_depth_stencil
[2015.10.30-21.48.03:035][  0]LogRHI:   GL_NV_parameter_buffer_object
[2015.10.30-21.48.03:035][  0]LogRHI:   GL_NV_parameter_buffer_object2
[2015.10.30-21.48.03:035][  0]LogRHI:   GL_NV_path_rendering
[2015.10.30-21.48.03:035][  0]LogRHI:   GL_NV_pixel_data_range
[2015.10.30-21.48.03:035][  0]LogRHI:   GL_NV_point_sprite
[2015.10.30-21.48.03:035][  0]LogRHI:   GL_NV_primitive_restart
[2015.10.30-21.48.03:035][  0]LogRHI:   GL_NV_register_combiners
[2015.10.30-21.48.03:035][  0]LogRHI:   GL_NV_register_combiners2
[2015.10.30-21.48.03:035][  0]LogRHI:   GL_NV_shader_atomic_counters
[2015.10.30-21.48.03:035][  0]LogRHI:   GL_NV_shader_atomic_float
[2015.10.30-21.48.03:035][  0]LogRHI:   GL_NV_shader_buffer_load
[2015.10.30-21.48.03:035][  0]LogRHI:   GL_NV_texgen_reflection
[2015.10.30-21.48.03:035][  0]LogRHI:   GL_NV_texture_barrier
[2015.10.30-21.48.03:035][  0]LogRHI:   GL_NV_texture_compression_vtc
[2015.10.30-21.48.03:035][  0]LogRHI:   GL_NV_texture_env_combine4
[2015.10.30-21.48.03:035][  0]LogRHI:   GL_NV_texture_expand_normal
[2015.10.30-21.48.03:035][  0]LogRHI:   GL_NV_texture_lod_clamp
[2015.10.30-21.48.03:035][  0]LogRHI:   GL_NV_texture_multisample
[2015.10.30-21.48.03:035][  0]LogRHI:   GL_NV_texture_rectangle
[2015.10.30-21.48.03:035][  0]LogRHI:   GL_NV_texture_shader
[2015.10.30-21.48.03:035][  0]LogRHI:   GL_NV_texture_shader2
[2015.10.30-21.48.03:035][  0]LogRHI:   GL_NV_texture_shader3
[2015.10.30-21.48.03:035][  0]LogRHI:   GL_NV_transform_feedback
[2015.10.30-21.48.03:035][  0]LogRHI:   GL_NV_transform_feedback2
[2015.10.30-21.48.03:035][  0]LogRHI:   GL_NV_vdpau_interop
[2015.10.30-21.48.03:035][  0]LogRHI:   GL_NV_vertex_array_range
[2015.10.30-21.48.03:035][  0]LogRHI:   GL_NV_vertex_array_range2
[2015.10.30-21.48.03:035][  0]LogRHI:   GL_NV_vertex_attrib_integer_64bit
[2015.10.30-21.48.03:035][  0]LogRHI:   GL_NV_vertex_buffer_unified_memory
[2015.10.30-21.48.03:035][  0]LogRHI:   GL_NV_vertex_program
[2015.10.30-21.48.03:035][  0]LogRHI:   GL_NV_vertex_program1_1
[2015.10.30-21.48.03:035][  0]LogRHI:   GL_NV_vertex_program2
[2015.10.30-21.48.03:035][  0]LogRHI:   GL_NV_vertex_program2_option
[2015.10.30-21.48.03:035][  0]LogRHI:   GL_NV_vertex_program3
[2015.10.30-21.48.03:035][  0]LogRHI:   GL_NVX_conditional_render
[2015.10.30-21.48.03:035][  0]LogRHI:   GL_NVX_gpu_memory_info
[2015.10.30-21.48.03:035][  0]LogRHI:   GL_OES_compressed_paletted_texture
[2015.10.30-21.48.03:035][  0]LogRHI:   GL_OES_depth24
[2015.10.30-21.48.03:035][  0]LogRHI:   GL_OES_depth32
[2015.10.30-21.48.03:035][  0]LogRHI:   GL_OES_depth_texture
[2015.10.30-21.48.03:035][  0]LogRHI:   GL_OES_element_index_uint
[2015.10.30-21.48.03:035][  0]LogRHI:   GL_OES_fbo_render_mipmap
[2015.10.30-21.48.03:035][  0]LogRHI:   GL_OES_get_program_binary
[2015.10.30-21.48.03:035][  0]LogRHI:   GL_OES_mapbuffer
[2015.10.30-21.48.03:035][  0]LogRHI:   GL_OES_packed_depth_stencil
[2015.10.30-21.48.03:035][  0]LogRHI:   GL_OES_point_size_array
[2015.10.30-21.48.03:035][  0]LogRHI:   GL_OES_point_sprite
[2015.10.30-21.48.03:035][  0]LogRHI:   GL_OES_rgb8_rgba8
[2015.10.30-21.48.03:035][  0]LogRHI:   GL_OES_read_format
[2015.10.30-21.48.03:035][  0]LogRHI:   GL_OES_standard_derivatives
[2015.10.30-21.48.03:035][  0]LogRHI:   GL_OES_texture_3D
[2015.10.30-21.48.03:035][  0]LogRHI:   GL_OES_texture_float
[2015.10.30-21.48.03:035][  0]LogRHI:   GL_OES_texture_float_linear
[2015.10.30-21.48.03:035][  0]LogRHI:   GL_OES_texture_half_float
[2015.10.30-21.48.03:035][  0]LogRHI:   GL_OES_texture_half_float_linear
[2015.10.30-21.48.03:035][  0]LogRHI:   GL_OES_texture_npot
[2015.10.30-21.48.03:035][  0]LogRHI:   GL_OES_vertex_array_object
[2015.10.30-21.48.03:035][  0]LogRHI:   GL_OES_vertex_half_float
[2015.10.30-21.48.03:035][  0]LogRHI:   GL_SGIS_generate_mipmap
[2015.10.30-21.48.03:035][  0]LogRHI:   GL_SGIS_texture_lod
[2015.10.30-21.48.03:035][  0]LogRHI:   GL_SGIX_depth_texture
[2015.10.30-21.48.03:035][  0]LogRHI:   GL_SGIX_shadow
[2015.10.30-21.48.03:035][  0]LogRHI:   GL_SUN_slice_accum
[2015.10.30-21.48.03:050][  0]LogRHI:   GL_MAX_TEXTURE_SIZE: 16384
[2015.10.30-21.48.03:050][  0]LogRHI:   GL_MAX_CUBE_MAP_TEXTURE_SIZE: 16384
[2015.10.30-21.48.03:050][  0]LogRHI:   GL_MAX_ARRAY_TEXTURE_LAYERS: 2048
[2015.10.30-21.48.03:050][  0]LogRHI:   GL_MAX_3D_TEXTURE_SIZE: 2048
[2015.10.30-21.48.03:050][  0]LogRHI:   GL_MAX_RENDERBUFFER_SIZE: 16384
[2015.10.30-21.48.03:050][  0]LogRHI:   GL_MAX_TEXTURE_IMAGE_UNITS: 32
[2015.10.30-21.48.03:050][  0]LogRHI:   GL_MAX_DRAW_BUFFERS: 8
[2015.10.30-21.48.03:050][  0]LogRHI:   GL_MAX_COLOR_ATTACHMENTS: 8
[2015.10.30-21.48.03:050][  0]LogRHI:   GL_MAX_SAMPLES: 32
[2015.10.30-21.48.03:050][  0]LogRHI:   GL_MAX_COLOR_TEXTURE_SAMPLES: 32
[2015.10.30-21.48.03:050][  0]LogRHI:   GL_MAX_DEPTH_TEXTURE_SAMPLES: 32
[2015.10.30-21.48.03:050][  0]LogRHI:   GL_MAX_INTEGER_SAMPLES: 1
[2015.10.30-21.48.03:051][  0]LogRHI:   GL_MAX_COMBINED_TEXTURE_IMAGE_UNITS: 160
[2015.10.30-21.48.03:051][  0]LogRHI:   GL_MAX_VERTEX_ATTRIBS: 16
[2015.10.30-21.48.03:051][  0]LogRHI:   GL_MAX_TEXTURE_MAX_ANISOTROPY_EXT: 16
[2015.10.30-21.48.03:051][  0]LogRHI: OpenGL MajorVersion = 3, MinorVersion = 2, ShaderPlatform = GLSL_150, FeatureLevel = SM4
[2015.10.30-21.48.03:065][  0]LogRHI: Texture pool is 1433 MB (70% of 2048 MB)
[2015.10.30-21.48.03:066][  0]LogShaderCompilers:Display: Using Local Shader Compiler.
[2015.10.30-21.48.03:673][  0]LogHAL: FLinuxPlatformProcess::CreateProc: spawned child 28180
[2015.10.30-21.48.04:133][  0]LogHAL: Child 28180 is no more running (zombie), Wait()ing immediately.
[2015.10.30-21.48.04:133][  0]LogTemp:Display: Loaded TP DesktopTargetPlatform
[2015.10.30-21.48.04:551][  0]LogTemp:Display: Loaded TP LinuxTargetPlatform
[2015.10.30-21.48.04:766][  0]LogTemp:Display: Loaded TP LinuxServerTargetPlatform
[2015.10.30-21.48.04:982][  0]LogTemp:Display: Loaded TP LinuxNoEditorTargetPlatform
[2015.10.30-21.48.04:982][  0]LogTargetPlatformManager:Display: Building Assets For Linux
[2015.10.30-21.48.05:382][  0]LogDerivedDataCache:Display: Max Cache Size: 512 MB
[2015.10.30-21.48.05:424][  0]LogDerivedDataCache: Loaded boot cache 0.04s 86MB ../../../../Dokumenty/Unreal Projects/MagiCombatArena/DerivedDataCache/Boot.ddc.
[2015.10.30-21.48.05:424][  0]LogDerivedDataCache:Display: Loaded Boot cache: ../../../../Dokumenty/Unreal Projects/MagiCombatArena/DerivedDataCache/Boot.ddc
[2015.10.30-21.48.05:424][  0]LogDerivedDataCache: FDerivedDataBackendGraph:  Pak pak cache file ../../../../Dokumenty/Unreal Projects/MagiCombatArena/DerivedDataCache/DDC.ddp not found, will not use a pak cache.
[2015.10.30-21.48.05:424][  0]LogDerivedDataCache: Unable to find inner node Pak for hierarchical cache Hierarchy.
[2015.10.30-21.48.05:424][  0]LogDerivedDataCache: FDerivedDataBackendGraph:  EnginePak pak cache file ../../../Engine/DerivedDataCache/DDC.ddp not found, will not use a pak cache.
[2015.10.30-21.48.05:424][  0]LogDerivedDataCache: Unable to find inner node EnginePak for hierarchical cache Hierarchy.
[2015.10.30-21.48.05:427][  0]LogDerivedDataCache: Using Local data cache path ../../../Engine/DerivedDataCache: Writable
[2015.10.30-21.48.05:427][  0]LogDerivedDataCache: Shared data cache path not found in *engine.ini, will not use an Shared cache.
[2015.10.30-21.48.05:427][  0]LogDerivedDataCache: Unable to find inner node Shared for hierarchical cache Hierarchy.
[2015.10.30-21.48.05:530][  0]LogHAL: Linux SourceCodeAccessSettings: NullSourceCodeAccessor
[2015.10.30-21.48.05:537][  0]LogInit: Selected Device Profile: [Linux]
[2015.10.30-21.48.05:857][  0]LogMeshUtilities: No automatic mesh reduction module available
[2015.10.30-21.48.05:857][  0]LogMeshUtilities: No automatic mesh merging module available
[2015.10.30-21.48.05:864][  0]ImportText (ComponentSweepMultiTests): Missing closing parenthesis: (RootShapeAsset="/Engine/BasicShapes/Cube.Cube",ShapeType="TriggerCapsule",HitResult=(Time=0.50,Location=(X=-100.000015,Y=0.0,Z=100.000015),ImpactPoint=(X=-50.0,Y=0.0,Z=50.0),Normal=(X=-1.0,Y=-0.0,Z=0.0),ImpactNormal=(X=0.0,Y=0.0,Z=1.0),TraceStart=(X=-200.0,Y=0.0,Z=200.0),TraceEnd=(X=0.0,Y=0.0,Z=0.0))
[2015.10.30-21.48.05:864][  0]ImportText (LineTraceSingleByChannelTests): Missing closing parenthesis: (RootShapeAsset="/Engine/BasicShapes/Cube.Cube",HitResult=(Time=0.50,Location=(X=-100.000015,Y=0.0,Z=100.000015),ImpactPoint=(X=-50.0,Y=0.0,Z=50.0),Normal=(X=-1.0,Y=-0.0,Z=0.0),ImpactNormal=(X=0.0,Y=0.0,Z=1.0),TraceStart=(X=-200.0,Y=0.0,Z=200.0),TraceEnd=(X=0.0,Y=0.0,Z=0.0))
[2015.10.30-21.48.09:787][  0]UdpMessaging: Initializing bridge on interface 0.0.0.0:0 to multicast group 230.0.0.1:6666.
[2015.10.30-21.48.10:468][  0]SourceControl: Info Source control is disabled
[2015.10.30-21.48.10:468][  0]SourceControl: Info Source control is disabled
[2015.10.30-21.48.10:682][  0]LogHAL: FLinuxPlatformProcess::CreateProc: spawned child 28205
[2015.10.30-21.48.10:690][  0]LogHAL: Child 28205 is no more running (zombie), Wait()ing immediately.
[2015.10.30-21.48.11:197][  0]LogHAL: FLinuxPlatformProcess::CreateProc: spawned child 28207
[2015.10.30-21.48.11:209][  0]LogHAL: Child 28207 is no more running (zombie), Wait()ing immediately.
[2015.10.30-21.48.11:715][  0]LogHAL: FLinuxPlatformProcess::CreateProc: spawned child 28208
[2015.10.30-21.48.11:723][  0]LogHAL: Child 28208 is no more running (zombie), Wait()ing immediately.
[2015.10.30-21.48.12:230][  0]LogHAL: FLinuxPlatformProcess::CreateProc: spawned child 28209
[2015.10.30-21.48.12:238][  0]LogHAL: Child 28209 is no more running (zombie), Wait()ing immediately.
[2015.10.30-21.48.12:739][  0]LogSourceControl:Error: '../../../../Dokumenty/Unreal Projects/MagiCombatArena/' is not part of a Git repository
[2015.10.30-21.48.13:055][  0]LogHAL: FLinuxPlatformProcess::CreateProc: spawned child 28210
[2015.10.30-21.48.13:062][  0]LogHAL: Child 28210 is no more running (zombie), Wait()ing immediately.
[2015.10.30-21.48.13:569][  0]LogHAL: FLinuxPlatformProcess::CreateProc: spawned child 28211
[2015.10.30-21.48.13:579][  0]LogHAL: Child 28211 is no more running (zombie), Wait()ing immediately.
[2015.10.30-21.48.14:085][  0]LogHAL: FLinuxPlatformProcess::CreateProc: spawned child 28212
[2015.10.30-21.48.14:094][  0]LogHAL: Child 28212 is no more running (zombie), Wait()ing immediately.
[2015.10.30-21.48.14:594][  0]LogSourceControl:Error: '../../../../Dokumenty/Unreal Projects/MagiCombatArena/' is not part of a Git repository
[2015.10.30-21.48.14:952][  0]LogDesktopPlatform: LinuxNativeDialogs have been successfully initialized.
[2015.10.30-21.48.18:231][  0]LogObj: 27819 objects as part of root set at end of initial load.
[2015.10.30-21.48.18:231][  0]LogUObjectAllocator: 5653968 out of 0 bytes used by permanent object pool.
[2015.10.30-21.48.18:694][  0]LogEngine: Initializing Engine...
[2015.10.30-21.48.19:368][  0]LogAIModule: Creating AISystem for world NewWorld
[2015.10.30-21.48.19:372][  0]LogALAudio: ALAudio device opened : OpenAL Soft
[2015.10.30-21.48.19:373][  0]LogALAudio: AL_VENDOR      : OpenAL Community
[2015.10.30-21.48.19:373][  0]LogALAudio: AL_RENDERER    : OpenAL Soft
[2015.10.30-21.48.19:373][  0]LogALAudio: AL_VERSION     : 1.1 ALSOFT 1.15.1
[2015.10.30-21.48.19:373][  0]LogALAudio: AL_EXTENSIONS  : AL_EXT_ALAW AL_EXT_DOUBLE AL_EXT_EXPONENT_DISTANCE AL_EXT_FLOAT32 AL_EXT_IMA4 AL_EXT_LINEAR_DISTANCE AL_EXT_MCFORMATS AL_EXT_MULAW AL_EXT_MULAW_MCFORMATS AL_EXT_OFFSET AL_EXT_source_distance_model AL_LOKI_quadriphonic AL_SOFT_buffer_samples AL_SOFT_buffer_sub_data AL_SOFTX_deferred_updates AL_SOFT_direct_channels AL_SOFT_loop_points AL_SOFT_source_latency
[2015.10.30-21.48.19:373][  0]LogInit: FAudioDevice initialized.
[2015.10.30-21.48.19:425][  0]LogDerivedDataCache: Saved boot cache 0.05s 86MB ../../../../Dokumenty/Unreal Projects/MagiCombatArena/DerivedDataCache/Boot.ddc.
[2015.10.30-21.48.19:464][  0]LogInit: Texture streaming: Disabled
[2015.10.30-21.48.19:774][  0]LogInit: Transaction tracking system initialized
[2015.10.30-21.48.21:460][  0]BlueprintLog: New page: Editor Load
[2015.10.30-21.48.21:600][  0]LogAssetRegistry: FAssetRegistry took 0.0003 seconds to start up
[2015.10.30-21.48.21:635][  0]LogDirectoryWatcher:Error: inotify_add_watch cannot watch folder /home/pawel/UnrealEngine/Engine/Plugins/Experimental/CharacterAI/Content/ (errno = 2, No such file or directory)
[2015.10.30-21.48.26:877][  0]LogConsoleManager:Warning: Console variable 'r.VSync' wasn't set ('GameSetting' has a lower priority than 'SystemSettingsIni')
[2015.10.30-21.48.26:877][  0]LogConsoleResponse:Display: 
[2015.10.30-21.48.27:090][  0]LogCook:Display: Done creating registry. It took  0.00s.
[2015.10.30-21.48.29:230][  0]LogHAL: FLinuxPlatformProcess::CreateProc: spawned child 28224
[2015.10.30-21.48.29:238][  0]LogHAL: Child 28224 is no more running (zombie), Wait()ing immediately.
[2015.10.30-21.48.29:745][  0]LogHAL: FLinuxPlatformProcess::CreateProc: spawned child 28225
[2015.10.30-21.48.29:753][  0]LogHAL: Child 28225 is no more running (zombie), Wait()ing immediately.
[2015.10.30-21.48.30:269][  0]LogHAL: FLinuxPlatformProcess::CreateProc: spawned child 28226
[2015.10.30-21.48.30:288][  0]LogHAL: Child 28226 is no more running (zombie), Wait()ing immediately.
[2015.10.30-21.48.30:788][  0]LogSourceControl:Error: '../../../../Dokumenty/Unreal Projects/MagiCombatArena/' is not part of a Git repository
[2015.10.30-21.48.30:790][  0]Cmd: MAP LOAD FILE="../../../../Dokumenty/Unreal Projects/MagiCombatArena/Content/TopDownBP/Maps/TopDownExampleMap.umap" TEMPLATE=0 SHOWPROGRESS=1 FEATURELEVEL=2
[2015.10.30-21.48.30:791][  0]LightingResults: New page: Lighting Build
[2015.10.30-21.48.31:140][  0]MapCheck: New page: Map Check
[2015.10.30-21.48.31:140][  0]LightingResults: New page: Lighting Build
[2015.10.30-21.48.31:149][  0]LogParticles: Destroying 0 GPU particle simulations for FXSystem 0x0x7f10340687e0
[2015.10.30-21.48.31:799][  0]LogAIModule: Creating AISystem for world TopDownExampleMap
[2015.10.30-21.48.31:806][  0]LogEditorServer: Finished looking for orphan Actors (0.000 secs)
[2015.10.30-21.48.31:806][  0]Cmd: MAP CHECKDEP NOCLEARLOG
[2015.10.30-21.48.31:821][  0]MapCheck: Info Map check complete: 0 Error(s), 0 Warning(s), took 14.895ms to complete.
[2015.10.30-21.48.31:821][  0]LogFileHelpers: Loading map 'TopDownExampleMap' took 1.032
[2015.10.30-21.48.31:957][  0]LogContentBrowser: Native class hierarchy populated in 0.0060 seconds. Added 1847 classes and 298 folders.
[2015.10.30-21.48.32:170][  0]LogCollectionManager: Loaded 0 collections in 0.000498 seconds
[2015.10.30-21.48.32:525][  0]LogContentBrowser: Native class hierarchy updated for 'WidgetCarousel' in 0.0002 seconds. Added 0 classes and 0 folders.
[2015.10.30-21.48.32:746][  0]LogContentBrowser: Native class hierarchy updated for 'AddContentDialog' in 0.0002 seconds. Added 0 classes and 0 folders.
[2015.10.30-21.48.32:912][  0]LogContentBrowser: Native class hierarchy updated for 'SceneOutliner' in 0.0003 seconds. Added 1 classes and 0 folders.
[2015.10.30-21.48.33:143][  0]LogCrashTracker: Crashtracker disabled due to settings.
[2015.10.30-21.48.33:317][  0]LogUObjectGlobals:Warning: Failed to find object 'Class None.'
[2015.10.30-21.48.33:407][  0]LogLoad: Full Startup: 33.02 seconds (BP compile: 0.33 seconds)
[2015.10.30-21.48.33:870][  0]LogRenderer: Reallocating scene render targets to support 1136x680 (Frame:2).
[2015.10.30-21.48.35:084][  0]LogContentStreaming: Texture pool size is 0.000000MB
[2015.10.30-21.48.35:104][  0]LogContentStreaming: Texture pool size now 1000 MB
[2015.10.30-21.48.37:416][  5]LogAssetRegistry: Asset discovery search completed in 15.8162 seconds
[2015.10.30-21.48.45:407][733]LogHAL: FLinuxPlatformProcess::CreateProc: spawned child 28232
[2015.10.30-21.48.45:413][734]LogHAL: Child 28232 is no more running (zombie), Wait()ing immediately.
[2015.10.30-21.48.45:916][794]SourceControl:Error: Error Failed to enable Git source control. You need to initialize the project as a Git repository first.
[2015.10.30-21.49.25:602][708]LogHAL: FLinuxPlatformProcess::CreateProc: spawned child 28236
[2015.10.30-21.49.25:608][709]LogHAL: Child 28236 is no more running (zombie), Wait()ing immediately.
[2015.10.30-21.49.26:111][769]SourceControl:Error: Error Failed to enable Git source control. You need to initialize the project as a Git repository first.
[2015.10.30-21.49.33:218][487]LogHAL: FLinuxPlatformProcess::CreateProc: spawned child 28237
[2015.10.30-21.49.33:233][487]LogHAL: Child 28237 is no more running (zombie), Wait()ing immediately.
[2015.10.30-21.49.33:741][487]LogHAL: FLinuxPlatformProcess::CreateProc: spawned child 28238
[2015.10.30-21.49.33:755][487]LogHAL: Child 28238 is no more running (zombie), Wait()ing immediately.
[2015.10.30-21.49.34:265][487]LogHAL: FLinuxPlatformProcess::CreateProc: spawned child 28239
[2015.10.30-21.49.34:277][487]LogHAL: Child 28239 is no more running (zombie), Wait()ing immediately.
[2015.10.30-21.49.34:786][487]LogHAL: FLinuxPlatformProcess::CreateProc: spawned child 28240
[2015.10.30-21.49.34:800][487]LogHAL: Child 28240 is no more running (zombie), Wait()ing immediately.
[2015.10.30-21.49.35:300][487]LogSourceControl:Error: '../../../../Dokumenty/Unreal Projects/MagiCombatArena/' is not part of a Git repository
[2015.10.30-21.49.50:503][233]LogHAL: FLinuxPlatformProcess::CreateProc: spawned child 28243
[2015.10.30-21.49.50:517][233]LogHAL: Child 28243 is no more running (zombie), Wait()ing immediately.
[2015.10.30-21.49.51:025][233]LogHAL: FLinuxPlatformProcess::CreateProc: spawned child 28244
[2015.10.30-21.49.51:038][233]LogHAL: Child 28244 is no more running (zombie), Wait()ing immediately.
[2015.10.30-21.49.51:547][233]LogHAL: FLinuxPlatformProcess::CreateProc: spawned child 28245
[2015.10.30-21.49.51:559][233]LogHAL: Child 28245 is no more running (zombie), Wait()ing immediately.
[2015.10.30-21.49.52:067][233]LogHAL: FLinuxPlatformProcess::CreateProc: spawned child 28246
[2015.10.30-21.49.52:078][233]LogHAL: Child 28246 is no more running (zombie), Wait()ing immediately.
[2015.10.30-21.49.52:578][233]LogSourceControl:Error: '../../../../Dokumenty/Unreal Projects/MagiCombatArena/' is not part of a Git repository
[2015.10.30-21.49.55:284][533]LogHAL: FLinuxPlatformProcess::CreateProc: spawned child 28247
[2015.10.30-21.49.55:290][534]LogHAL: Child 28247 is no more running (zombie), Wait()ing immediately.
[2015.10.30-21.49.55:793][594]SourceControl:Error: Error Failed to enable Git source control. You need to initialize the project as a Git repository first.
[2015.10.30-21.50.09:579][784]Cmd: QUIT_EDITOR
[2015.10.30-21.50.09:629][784]LogALAudio: Closing ALAudio device : OpenAL Soft
[2015.10.30-21.50.09:638][784]LogExit: Preparing to exit.
[2015.10.30-21.50.10:066][784]LogExit: Editor shut down
[2015.10.30-21.50.10:067][784]LogExit: Transaction tracking system shut down
[2015.10.30-21.50.10:068][784]LogParticles: Destroying 0 GPU particle simulations for FXSystem 0x0x7f10341c4000
[2015.10.30-21.50.10:201][784]LogParticles: Destroying 0 GPU particle simulations for FXSystem 0x0x7f10341bd660
[2015.10.30-21.50.10:201][784]LogParticles: Destroying 0 GPU particle simulations for FXSystem 0x0x7f100e5eb780
[2015.10.30-21.50.10:201][784]LogParticles: Destroying 0 GPU particle simulations for FXSystem 0x0xc00b780
[2015.10.30-21.50.10:201][784]LogParticles: Destroying 0 GPU particle simulations for FXSystem 0x0x7f100e5eda80
[2015.10.30-21.50.10:201][784]LogParticles: Destroying 0 GPU particle simulations for FXSystem 0x0x7f100e5e4700
[2015.10.30-21.50.10:201][784]LogExit: Object subsystem successfully closed.
[2015.10.30-21.50.10:366][784]LogModuleManager: Shutting down and abandoning module CrashTracker (162)
[2015.10.30-21.50.10:366][784]LogModuleManager: Shutting down and abandoning module SceneOutliner (161)
[2015.10.30-21.50.10:366][784]LogModuleManager: Shutting down and abandoning module SuperSearch (160)
[2015.10.30-21.50.10:366][784]LogModuleManager: Shutting down and abandoning module WidgetCarousel (159)
[2015.10.30-21.50.10:366][784]LogModuleManager: Shutting down and abandoning module AddContentDialog (158)
[2015.10.30-21.50.10:366][784]LogLinux:Error: appError called: Assertion failed: Assertion failed: (!ModuleInfo->bWasUnloadedAtShutdown) [File:/home/pawel/UnrealEngine/Engine/Source/Runtime/Core/Private/Modules/ModuleManager.cpp] [Line: 348] 
Attempted to load module 'SuperSearch' that was already unloaded at shutdown.  FModuleManager::LoadModule() was called to load a module that was previously loaded, and was unloaded at shutdown time.  If this assert goes off, your trying to load a module during the shutdown phase that was already cleaned up.  The easiest way to fix this is to change your code to query for an already-loaded module instead of trying to load it directly.

[2015.10.30-21.50.10:502][784]LogLinux: === Critical error: ===
Unhandled Exception: SIGSEGV: invalid attempt to access memory at address 0x00000003

[2015.10.30-21.50.10:502][784]LogLinux: Assertion failed: Assertion failed: (!ModuleInfo->bWasUnloadedAtShutdown) [File:/home/pawel/UnrealEngine/Engine/Source/Runtime/Core/Private/Modules/ModuleManager.cpp] [Line: 348] 
Attempted to load module 'SuperSearch' that was already unloaded at shutdown.  FModuleManager::LoadModule() was called to load a module that was previously loaded, and was unloaded at shutdown time.  If this assert goes off, your trying to load a module during the shutdown phase that was already cleaned up.  The easiest way to fix this is to change your code to query for an already-loaded module instead of trying to load it directly.


[Callstack]  02  0x00007f107daa3f31  ReportCrash(FLinuxCrashContext const&)
[Callstack]  03  0x000000000042dd1b  EngineCrashHandler(FGenericCrashContext const&) [/home/pawel/UnrealEngine/Engine/Source/Runtime/Launch/Private/Linux/LaunchLinux.cpp, line 31]
[Callstack]  04  0x00007f107daa77c8  PlatformCrashHandler(int, siginfo_t*, void*)
[Callstack]  05  0x00007f107e528340  /lib/x86_64-linux-gnu/libpthread.so.0(+0x10340) [0x7f107e528340]
[Callstack]  06  0x00007f107dab17ac  FOutputDeviceLinuxError::Serialize(wchar_t const*, ELogVerbosity::Type, FName const&)
[Callstack]  07  0x00007f107db62cb4  FOutputDevice::Logf(wchar_t const*, ...)
[Callstack]  08  0x00007f107db46c10  FDebug::AssertFailed(char const*, char const*, int, wchar_t const*, ...)
[Callstack]  09  0x00007f107db86bd8  FModuleManager::LoadModuleWithFailureReason(FName, EModuleLoadResult&, bool)
[Callstack]  10  0x00007f107db85f63  FModuleManager::LoadModule(FName, bool)
[Callstack]  11  0x00007f10755dbfc0  FSuperSearchModule& FModuleManager::LoadModuleChecked<FSuperSearchModule>(FName)
[Callstack]  12  0x00007f105f55ea41  FFeaturePackContentSource::~FFeaturePackContentSource()
[Callstack]  13  0x00007f105f55ecc9  FFeaturePackContentSource::~FFeaturePackContentSource()
[Callstack]  14  0x00007f105f56dda7  TArray<TSharedRef<IContentSource, (ESPMode)0>, FDefaultAllocator>::~TArray()
[Callstack]  15  0x00007f105f5618df  FFeaturePackContentSourceProvider::~FFeaturePackContentSourceProvider()
[Callstack]  16  0x00007f105f561999  FFeaturePackContentSourceProvider::~FFeaturePackContentSourceProvider()
[Callstack]  17  0x00007f105f5b8a87  TArray<TSharedRef<IContentSourceProvider, (ESPMode)0>, FDefaultAllocator>::~TArray()
[Callstack]  18  0x00007f105f5b8a31  void SharedPointerInternals::DestroyObject<FContentSourceProviderManager>(void*)
[Callstack]  19  0x00007f105f5b7c6f  FAddContentDialogModule::~FAddContentDialogModule()
[Callstack]  20  0x00007f107db88057  FModuleManager::UnloadModule(FName, bool)
[Callstack]  21  0x00007f107db88acd  FModuleManager::UnloadModulesAtShutdown()
[Callstack]  22  0x00000000004238ae  FEngineLoop::Exit() [/home/pawel/UnrealEngine/Engine/Source/Runtime/Launch/Private/LaunchEngineLoop.cpp, line 2156]
[Callstack]  23  0x0000000000423f4c  GuardedMain(wchar_t const*) [/home/pawel/UnrealEngine/Engine/Source/Runtime/Launch/Private/Launch.cpp, line 154]
[Callstack]  24  0x000000000042e5ef  /home/pawel/UnrealEngine/Engine/Binaries/Linux/UE4Editor(main+0x87f) [0x42e5ef] [/home/pawel/UnrealEngine/Engine/Source/Runtime/Launch/Private/Linux/LaunchLinux.cpp, line 193]
[Callstack]  25  0x00007f1072d92ec5  /lib/x86_64-linux-gnu/libc.so.6(__libc_start_main+0xf5) [0x7f1072d92ec5]
[Callstack]  26  0x0000000000411008  /home/pawel/UnrealEngine/Engine/Binaries/Linux/UE4Editor() [0x411008]

